=== NBA Daily Run: Thu Apr  9 09:00:01 MDT 2026 ===
9
Yesterday was: 2026-04-08
https://www.basketball-reference.com/boxscores/?month=4&day=8&year=2026
Daily teams were received and saved.
ATL
CLE
MEM
DEN
MIL
DET
OKC
LAC
MIN
ORL
DAL
PHO
POR
SAS
Player reference was updated.
Beginning player scraping...
Nickeil Alexander-Walker Complete
Mouhamed Gueye Complete
Dyson Daniels Complete
Onyeka Okongwu Complete
Jalen Johnson Complete
Zaccharie Risacher Complete
Keaton Wallace Complete
Asa Newell Complete
CJ McCollum Complete
Corey Kispert Complete
Jock Landale Complete
Gabe Vincent Complete
Jonathan Kuminga Complete
Christian Koloko Complete
Buddy Hield Complete
RayJ Dennis Complete
Tony Bradley Complete
Keshon Gilbert Complete
Donovan Mitchell Complete
Evan Mobley Complete
Jaylon Tyson Complete
Taking a long break...
Nae'Qwan Tomlin Complete
Craig Porter Complete
Thomas Bryant Complete
Dean Wade Complete
Jarrett Allen Complete
Sam Merrill Complete
Tyrese Proctor Complete
Larry Nance Complete
 31   39 2026-01-11 SAC   HOU W, 111-98 Suspended 
 31   39 2026-01-11 SAC   HOU W, 111-98 Suspended 
 31   39 2026-01-11 SAC   HOU W, 111-98 Suspended 
 31   39 2026-01-11 SAC   HOU W, 111-98 Suspended 
 31   39 2026-01-11 SAC   HOU W, 111-98 Suspended 
 31   39 2026-01-11 SAC   HOU W, 111-98 Suspended 
 31   39 2026-01-11 SAC   HOU W, 111-98 Suspended 
 31   39 2026-01-11 SAC   HOU W, 111-98 Suspended 
 31   39 2026-01-11 SAC   HOU W, 111-98 Suspended 
 31   39 2026-01-11 SAC   HOU W, 111-98 Suspended 
 31   39 2026-01-11 SAC   HOU W, 111-98 Suspended 
 31   39 2026-01-11 SAC   HOU W, 111-98 Suspended 
 31   39 2026-01-11 SAC   HOU W, 111-98 Suspended 
 31   39 2026-01-11 SAC   HOU W, 111-98 Suspended 
 31   39 2026-01-11 SAC   HOU W, 111-98 Suspended 
 31   39 2026-01-11 SAC   HOU W, 111-98 Suspended 
 31   40 2026-01-12 SAC   LAL W, 124-112 Suspended 
 31   40 2026-01-12 SAC   LAL W, 124-112 Suspended 
 31   40 2026-01-12 SAC   LAL W, 124-112 Suspended 
 31   40 2026-01-12 SAC   LAL W, 124-112 Suspended 
 31   40 2026-01-12 SAC   LAL W, 124-112 Suspended 
 31   40 2026-01-12 SAC   LAL W, 124-112 Suspended 
 31   40 2026-01-12 SAC   LAL W, 124-112 Suspended 
 31   40 2026-01-12 SAC   LAL W, 124-112 Suspended 
 31   40 2026-01-12 SAC   LAL W, 124-112 Suspended 
 31   40 2026-01-12 SAC   LAL W, 124-112 Suspended 
 31   40 2026-01-12 SAC   LAL W, 124-112 Suspended 
 31   40 2026-01-12 SAC   LAL W, 124-112 Suspended 
 31   40 2026-01-12 SAC   LAL W, 124-112 Suspended 
 31   40 2026-01-12 SAC   LAL W, 124-112 Suspended 
 31   40 2026-01-12 SAC   LAL W, 124-112 Suspended 
 31   40 2026-01-12 SAC   LAL W, 124-112 Suspended 
 31   41 2026-01-14 SAC   NYK W, 112-101 Suspended 
 31   41 2026-01-14 SAC   NYK W, 112-101 Suspended 
 31   41 2026-01-14 SAC   NYK W, 112-101 Suspended 
 31   41 2026-01-14 SAC   NYK W, 112-101 Suspended 
 31   41 2026-01-14 SAC   NYK W, 112-101 Suspended 
 31   41 2026-01-14 SAC   NYK W, 112-101 Suspended 
 31   41 2026-01-14 SAC   NYK W, 112-101 Suspended 
 31   41 2026-01-14 SAC   NYK W, 112-101 Suspended 
 31   41 2026-01-14 SAC   NYK W, 112-101 Suspended 
 31   41 2026-01-14 SAC   NYK W, 112-101 Suspended 
 31   41 2026-01-14 SAC   NYK W, 112-101 Suspended 
 31   41 2026-01-14 SAC   NYK W, 112-101 Suspended 
 31   41 2026-01-14 SAC   NYK W, 112-101 Suspended 
 31   41 2026-01-14 SAC   NYK W, 112-101 Suspended 
 31   41 2026-01-14 SAC   NYK W, 112-101 Suspended 
 31   41 2026-01-14 SAC   NYK W, 112-101 Suspended 
Dennis Schröder Complete
Keon Ellis Complete
James Harden Complete
Max Strus Complete
Tristan Enaruna Complete
Riley Minix Complete
Olivier Sarr Complete
Cam Spencer Complete
Jaylen Wells Complete
Cedric Coward Complete
GG Jackson Complete
Olivier-Maxence Prosper Complete
Kentavious Caldwell-Pope Complete
Taking a long break...
Santi Aldama Complete
Javon Small Complete
Jahmai Mashack Complete
Taylor Hendricks Complete
Walter Clayton Complete
Ja Morant Complete
Ty Jerome Complete
Rayan Rupert Complete
Zach Edey Complete
Scotty Pippen Complete
Taj Gibson Complete
Adama-Alpha Bal Complete
Lucas Williamson Complete
Dariq Whitehead Complete
Toby Okani Complete
Brandon Clarke Complete
Bruce Brown Complete
Tim Hardaway Complete
Jamal Murray Complete
Nikola Jokić Complete
Spencer Jones Complete
Taking a long break...
Jonas Valančiūnas Complete
Julian Strawther Complete
Peyton Watson Complete
Cameron Johnson Complete
Zeke Nnaji Complete
Jalen Pickett Complete
Christian Braun Complete
Aaron Gordon Complete
DaRon Holmes Complete
Tyus Jones Complete
Curtis Jones Complete
KJ Simpson Complete
David Roddy Complete
A.J. Green Complete
Ryan Rollins Complete
Myles Turner Complete
Kyle Kuzma Complete
Bobby Portis Complete
Gary Trent Complete
Jericho Sims Complete
Gary Harris Complete
Taking a long break...
Pete Nance Complete
Andre Jackson Complete
Kevin Porter Complete
Giannis Antetokounmpo Complete
Thanasis Antetokounmpo Complete
Ousmane Dieng Complete
Taurean Prince Complete
Cormac Ryan Complete
Alex Antetokounmpo Complete
Javonte Green Complete
Ron Holland Complete
Duncan Robinson Complete
Ausar Thompson Complete
Daniss Jenkins Complete
 44   53 2026-02-11 DET @ TOR W, 113-95 Suspended 
 44   53 2026-02-11 DET @ TOR W, 113-95 Suspended 
 44   53 2026-02-11 DET @ TOR W, 113-95 Suspended 
 44   53 2026-02-11 DET @ TOR W, 113-95 Suspended 
 44   53 2026-02-11 DET @ TOR W, 113-95 Suspended 
 44   53 2026-02-11 DET @ TOR W, 113-95 Suspended 
 44   53 2026-02-11 DET @ TOR W, 113-95 Suspended 
 44   53 2026-02-11 DET @ TOR W, 113-95 Suspended 
 44   53 2026-02-11 DET @ TOR W, 113-95 Suspended 
 44   53 2026-02-11 DET @ TOR W, 113-95 Suspended 
 44   53 2026-02-11 DET @ TOR W, 113-95 Suspended 
 44   53 2026-02-11 DET @ TOR W, 113-95 Suspended 
 44   53 2026-02-11 DET @ TOR W, 113-95 Suspended 
 44   53 2026-02-11 DET @ TOR W, 113-95 Suspended 
 44   53 2026-02-11 DET @ TOR W, 113-95 Suspended 
 44   53 2026-02-11 DET @ TOR W, 113-95 Suspended 
 44   54 2026-02-19 DET @ NYK W, 126-111 Suspended 
 44   54 2026-02-19 DET @ NYK W, 126-111 Suspended 
 44   54 2026-02-19 DET @ NYK W, 126-111 Suspended 
 44   54 2026-02-19 DET @ NYK W, 126-111 Suspended 
 44   54 2026-02-19 DET @ NYK W, 126-111 Suspended 
 44   54 2026-02-19 DET @ NYK W, 126-111 Suspended 
 44   54 2026-02-19 DET @ NYK W, 126-111 Suspended 
 44   54 2026-02-19 DET @ NYK W, 126-111 Suspended 
 44   54 2026-02-19 DET @ NYK W, 126-111 Suspended 
 44   54 2026-02-19 DET @ NYK W, 126-111 Suspended 
 44   54 2026-02-19 DET @ NYK W, 126-111 Suspended 
 44   54 2026-02-19 DET @ NYK W, 126-111 Suspended 
 44   54 2026-02-19 DET @ NYK W, 126-111 Suspended 
 44   54 2026-02-19 DET @ NYK W, 126-111 Suspended 
 44   54 2026-02-19 DET @ NYK W, 126-111 Suspended 
 44   54 2026-02-19 DET @ NYK W, 126-111 Suspended 
Jalen Duren Complete
Paul Reed Complete
Cade Cunningham Complete
Tobias Harris Complete
Caris LeVert Complete
 48   53 2026-02-11 DET @ TOR W, 113-95 Suspended 
 48   53 2026-02-11 DET @ TOR W, 113-95 Suspended 
 48   53 2026-02-11 DET @ TOR W, 113-95 Suspended 
 48   53 2026-02-11 DET @ TOR W, 113-95 Suspended 
 48   53 2026-02-11 DET @ TOR W, 113-95 Suspended 
 48   53 2026-02-11 DET @ TOR W, 113-95 Suspended 
 48   53 2026-02-11 DET @ TOR W, 113-95 Suspended 
 48   53 2026-02-11 DET @ TOR W, 113-95 Suspended 
 48   53 2026-02-11 DET @ TOR W, 113-95 Suspended 
 48   53 2026-02-11 DET @ TOR W, 113-95 Suspended 
 48   53 2026-02-11 DET @ TOR W, 113-95 Suspended 
 48   53 2026-02-11 DET @ TOR W, 113-95 Suspended 
 48   53 2026-02-11 DET @ TOR W, 113-95 Suspended 
 48   53 2026-02-11 DET @ TOR W, 113-95 Suspended 
 48   53 2026-02-11 DET @ TOR W, 113-95 Suspended 
 48   53 2026-02-11 DET @ TOR W, 113-95 Suspended 
 48   54 2026-02-19 DET @ NYK W, 126-111 Suspended 
 48   54 2026-02-19 DET @ NYK W, 126-111 Suspended 
 48   54 2026-02-19 DET @ NYK W, 126-111 Suspended 
 48   54 2026-02-19 DET @ NYK W, 126-111 Suspended 
 48   54 2026-02-19 DET @ NYK W, 126-111 Suspended 
 48   54 2026-02-19 DET @ NYK W, 126-111 Suspended 
 48   54 2026-02-19 DET @ NYK W, 126-111 Suspended 
 48   54 2026-02-19 DET @ NYK W, 126-111 Suspended 
 48   54 2026-02-19 DET @ NYK W, 126-111 Suspended 
 48   54 2026-02-19 DET @ NYK W, 126-111 Suspended 
 48   54 2026-02-19 DET @ NYK W, 126-111 Suspended 
 48   54 2026-02-19 DET @ NYK W, 126-111 Suspended 
 48   54 2026-02-19 DET @ NYK W, 126-111 Suspended 
 48   54 2026-02-19 DET @ NYK W, 126-111 Suspended 
 48   54 2026-02-19 DET @ NYK W, 126-111 Suspended 
 48   54 2026-02-19 DET @ NYK W, 126-111 Suspended 
 48   56 2026-02-23 DET   SAS L, 103-114 Suspended 
 48   56 2026-02-23 DET   SAS L, 103-114 Suspended 
 48   56 2026-02-23 DET   SAS L, 103-114 Suspended 
 48   56 2026-02-23 DET   SAS L, 103-114 Suspended 
 48   56 2026-02-23 DET   SAS L, 103-114 Suspended 
 48   56 2026-02-23 DET   SAS L, 103-114 Suspended 
 48   56 2026-02-23 DET   SAS L, 103-114 Suspended 
 48   56 2026-02-23 DET   SAS L, 103-114 Suspended 
 48   56 2026-02-23 DET   SAS L, 103-114 Suspended 
 48   56 2026-02-23 DET   SAS L, 103-114 Suspended 
 48   56 2026-02-23 DET   SAS L, 103-114 Suspended 
 48   56 2026-02-23 DET   SAS L, 103-114 Suspended 
 48   56 2026-02-23 DET   SAS L, 103-114 Suspended 
 48   56 2026-02-23 DET   SAS L, 103-114 Suspended 
 48   56 2026-02-23 DET   SAS L, 103-114 Suspended 
 48   56 2026-02-23 DET   SAS L, 103-114 Suspended 
 48   57 2026-02-25 DET   OKC W, 124-116 Suspended 
 48   57 2026-02-25 DET   OKC W, 124-116 Suspended 
 48   57 2026-02-25 DET   OKC W, 124-116 Suspended 
 48   57 2026-02-25 DET   OKC W, 124-116 Suspended 
 48   57 2026-02-25 DET   OKC W, 124-116 Suspended 
 48   57 2026-02-25 DET   OKC W, 124-116 Suspended 
 48   57 2026-02-25 DET   OKC W, 124-116 Suspended 
 48   57 2026-02-25 DET   OKC W, 124-116 Suspended 
 48   57 2026-02-25 DET   OKC W, 124-116 Suspended 
 48   57 2026-02-25 DET   OKC W, 124-116 Suspended 
 48   57 2026-02-25 DET   OKC W, 124-116 Suspended 
 48   57 2026-02-25 DET   OKC W, 124-116 Suspended 
 48   57 2026-02-25 DET   OKC W, 124-116 Suspended 
 48   57 2026-02-25 DET   OKC W, 124-116 Suspended 
 48   57 2026-02-25 DET   OKC W, 124-116 Suspended 
 48   57 2026-02-25 DET   OKC W, 124-116 Suspended 
 48   58 2026-02-27 DET   CLE W, 122-119 (OT) Suspended 
 48   58 2026-02-27 DET   CLE W, 122-119 (OT) Suspended 
 48   58 2026-02-27 DET   CLE W, 122-119 (OT) Suspended 
 48   58 2026-02-27 DET   CLE W, 122-119 (OT) Suspended 
 48   58 2026-02-27 DET   CLE W, 122-119 (OT) Suspended 
 48   58 2026-02-27 DET   CLE W, 122-119 (OT) Suspended 
 48   58 2026-02-27 DET   CLE W, 122-119 (OT) Suspended 
 48   58 2026-02-27 DET   CLE W, 122-119 (OT) Suspended 
 48   58 2026-02-27 DET   CLE W, 122-119 (OT) Suspended 
 48   58 2026-02-27 DET   CLE W, 122-119 (OT) Suspended 
 48   58 2026-02-27 DET   CLE W, 122-119 (OT) Suspended 
 48   58 2026-02-27 DET   CLE W, 122-119 (OT) Suspended 
 48   58 2026-02-27 DET   CLE W, 122-119 (OT) Suspended 
 48   58 2026-02-27 DET   CLE W, 122-119 (OT) Suspended 
 48   58 2026-02-27 DET   CLE W, 122-119 (OT) Suspended 
 48   58 2026-02-27 DET   CLE W, 122-119 (OT) Suspended 
 48   59 2026-03-01 DET @ ORL W, 106-92 Suspended 
 48   59 2026-03-01 DET @ ORL W, 106-92 Suspended 
 48   59 2026-03-01 DET @ ORL W, 106-92 Suspended 
 48   59 2026-03-01 DET @ ORL W, 106-92 Suspended 
 48   59 2026-03-01 DET @ ORL W, 106-92 Suspended 
 48   59 2026-03-01 DET @ ORL W, 106-92 Suspended 
 48   59 2026-03-01 DET @ ORL W, 106-92 Suspended 
 48   59 2026-03-01 DET @ ORL W, 106-92 Suspended 
 48   59 2026-03-01 DET @ ORL W, 106-92 Suspended 
 48   59 2026-03-01 DET @ ORL W, 106-92 Suspended 
 48   59 2026-03-01 DET @ ORL W, 106-92 Suspended 
 48   59 2026-03-01 DET @ ORL W, 106-92 Suspended 
 48   59 2026-03-01 DET @ ORL W, 106-92 Suspended 
 48   59 2026-03-01 DET @ ORL W, 106-92 Suspended 
 48   59 2026-03-01 DET @ ORL W, 106-92 Suspended 
 48   59 2026-03-01 DET @ ORL W, 106-92 Suspended 
Isaiah Stewart Complete
Marcus Sasser Complete
Taking a long break...
Chaz Lanier Complete
Kevin Huerter Complete
Tolu Smith Complete
Wendell Moore Complete
Isaac Jones Complete
Cason Wallace Complete
Isaiah Joe Complete
Chet Holmgren Complete
Shai Gilgeous-Alexander Complete
Luguentz Dort Complete
Jaylin Williams Complete
Aaron Wiggins Complete
Ajay Mitchell Complete
Alex Caruso Complete
Kenrich Williams Complete
Isaiah Hartenstein Complete
Branden Carlson Complete
Brooks Barnhizer Complete
Jalen Williams Complete
Jared McCain Complete
Nikola Topić Complete
Taking a long break...
Payton Sandfort Complete
Thomas Sorber Complete
Kris Dunn Complete
Brook Lopez Complete
Nicolas Batum Complete
John Collins Complete
Kobe Sanders Complete
Kawhi Leonard Complete
Jordan Miller Complete
Cam Christie Complete
Derrick Jones Complete
Yanic Konan Complete
Bennedict Mathurin Complete
Bogdan Bogdanović Complete
Darius Garland Complete
Isaiah Jackson Complete
TyTy Washington Complete
Bradley Beal Complete
Sean Pedulla Complete
Norchad Omier Complete
Donte DiVincenzo Complete
Taking a long break...
Julius Randle Complete
Naz Reid Complete
Rudy Gobert Complete
Jaden McDaniels Complete
Bones Hyland Complete
Jaylen Clark Complete
Anthony Edwards Complete
Mike Conley Complete
Terrence Shannon Complete
Joan Beringer Complete
Joe Ingles Complete
Ayo Dosunmu Complete
Kyle Anderson Complete
Julian Phillips Complete
Rocco Zikarsky Complete
Zyon Pullin Complete
Enrique Freeman Complete
Desmond Bane Complete
Wendell Carter Complete
Tristan Da Complete
Paolo Banchero Complete
Taking a long break...
Anthony Black Complete
Goga Bitadze Complete
Noah Penda Complete
Jalen Suggs Complete
Jett Howard Complete
Jase Richardson Complete
Jonathan Isaac Complete
Jamal Cain Complete
Moritz Wagner Complete
Franz Wagner Complete
Jevon Carter Complete
Alex Morales Complete
Colin Castleton Complete
Max Christie Complete
Naji Marshall Complete
Cooper Flagg Complete
Klay Thompson Complete
Brandon Williams Complete
Dwight Powell Complete
Ryan Nembhard Complete
Caleb Martin Complete
Taking a long break...
P.J. Washington Complete
Daniel Gafford Complete
Moussa Cisse Complete
Khris Middleton Complete
Marvin Bagley Complete
AJ Johnson Complete
John Poulakidas Complete
Tyler Smith Complete
Dereck Lively Complete
Kyrie Irving Complete
Oso Ighodaro Complete
Collin Gillespie Complete
Royce O'Neale Complete
Jordan Goodwin Complete
Ryan Dunn Complete
Devin Booker Complete
Mark Williams Complete
Dillon Brooks Complete
Rasheer Fleming Complete
Grayson Allen Complete
Jamaree Bouyea Complete
Taking a long break...
Khaman Maluach Complete
Isaiah Livers Complete
Jalen Green Complete
Amir Coffey Complete
Koby Brea Complete
Haywood Highsmith Complete
CJ Huntley Complete
Toumani Camara Complete
Donovan Clingan Complete
Sidy Cissoko Complete
Deni Avdija Complete
Jerami Grant Complete
Robert Williams Complete
Kris Murray Complete
Jrue Holiday Complete
Shaedon Sharpe Complete
Caleb Love Complete
Yang Hansen Complete
Blake Wesley Complete
Scoot Henderson Complete
Matisse Thybulle Complete
Taking a long break...
Vít Krejčí Complete
Jayson Kent Complete
Chris Youngblood Complete
Damian Lillard Complete
Keldon Johnson Complete
Julian Champagnie Complete
Harrison Barnes Complete
De'Aaron Fox Complete
Carter Bryant Complete
Stephon Castle Complete
Dylan Harper Complete
Luke Kornet Complete
Devin Vassell Complete
Victor Wembanyama Complete
Kelly Olynyk Complete
Jordan McLaughlin Complete
Lindy Waters Complete
Bismack Biyombo Complete
David Jones Complete
Harrison Ingram Complete
Mason Plumlee Complete
Taking a long break...
Emanuel Miller Complete
Player statistics have been updated for 2026-04-08
[master ef0175f2] Daily stats update: 2026-04-09
 162 files changed, 395 insertions(+), 304 deletions(-)
 create mode 100644 NBA_Statistics/2026_player_data/Tony Bradley.csv
To https://github.com/Evan-Johnson/NBA_Statistics.git
   059e8c3e..ef0175f2  master -> master
Done.
