=== NBA Daily Run: Sat Apr  4 09:03:31 MDT 2026 ===
4
Yesterday was: 2026-04-03
https://www.basketball-reference.com/boxscores/?month=4&day=3&year=2026
Daily teams were received and saved.
ATL
BRK
IND
CHO
ORL
DAL
UTA
HOU
TOR
MEM
BOS
MIL
CHI
NYK
MIN
PHI
NOP
SAC
Player reference was updated.
Beginning player scraping...
Nickeil Alexander-Walker Complete
Mouhamed Gueye Complete
Dyson Daniels Complete
Onyeka Okongwu Complete
Jalen Johnson Complete
Zaccharie Risacher Complete
Keaton Wallace Complete
Asa Newell Complete
CJ McCollum Complete
Request failed (ConnectionError: ('Connection aborted.', ConnectionResetError(54, 'Connection reset by peer'))) — retrying with fresh session in 60s...
/Users/evanjohnson/Documents/personal/NBA_Statistics/NBA_Statistics/Scraper_Master.py:25: UserWarning: Invalid URL: https://www.basketball-reference.com/players/k/kispeco01/gamelog/2026/
  warnings.warn("Invalid URL: " + url)
Corey Kispert Complete
Jock Landale Complete
Gabe Vincent Complete
Caleb Houstan Complete
Jonathan Kuminga Complete
Christian Koloko Complete
Buddy Hield Complete
RayJ Dennis Complete
Keshon Gilbert Complete
Nic Claxton Complete
Noah Clowney Complete
Terance Mann Complete
Taking a long break...
Day'Ron Sharpe Complete
Drake Powell Complete
Danny Wolf Complete
Ziaire Williams Complete
Nolan Traoré Complete
Michael Porter Complete
Request failed (ConnectionError: ('Connection aborted.', ConnectionResetError(54, 'Connection reset by peer'))) — retrying with fresh session in 60s...
/Users/evanjohnson/Documents/personal/NBA_Statistics/NBA_Statistics/Scraper_Master.py:25: UserWarning: Invalid URL: https://www.basketball-reference.com/players/d/demineg01/gamelog/2026/
  warnings.warn("Invalid URL: " + url)
Egor Dёmin Complete
Jalen Wilson Complete
Ben Saraf Complete
E.J. Liddell Complete
Ochai Agbaji Complete
Tyson Etienne Complete
Josh Minott Complete
Chaney Johnson Complete
Malachi Smith Complete
Tre Scott Complete
Jay Huff Complete
Jarace Walker Complete
Ben Sheppard Complete
Pascal Siakam Complete
Andrew Nembhard Complete
Taking a long break...
T.J. McConnell Complete
Request failed (ConnectionError: ('Connection aborted.', ConnectionResetError(54, 'Connection reset by peer'))) — retrying with fresh session in 60s...
/Users/evanjohnson/Documents/personal/NBA_Statistics/NBA_Statistics/Scraper_Master.py:25: UserWarning: Invalid URL: https://www.basketball-reference.com/players/n/nesmiaa01/gamelog/2026/
  warnings.warn("Invalid URL: " + url)
Aaron Nesmith Complete
Quenton Jackson Complete
Micah Potter Complete
Request failed (ConnectionError: ('Connection aborted.', ConnectionResetError(54, 'Connection reset by peer'))) — retrying with fresh session in 60s...
/Users/evanjohnson/Documents/personal/NBA_Statistics/NBA_Statistics/Scraper_Master.py:25: UserWarning: Invalid URL: https://www.basketball-reference.com/players/f/furphjo01/gamelog/2026/
  warnings.warn("Invalid URL: " + url)
Johnny Furphy Complete
Taelon Peter Complete
Kam Jones Complete
Ethan Thompson Complete
Kobe Brown Complete
Obi Toppin Complete
Jalen Slawson Complete
Ivica Zubac Complete
Tyrese Haliburton Complete
Sion James Complete
Kon Knueppel Complete
Miles Bridges Complete
Moussa Diabaté Complete
LaMelo Ball Complete
Ryan Kalkbrenner Complete
Brandon Miller Complete
Josh Green Complete
Taking a long break...
Request failed (ConnectionError: ('Connection aborted.', ConnectionResetError(54, 'Connection reset by peer'))) — retrying with fresh session in 60s...
/Users/evanjohnson/Documents/personal/NBA_Statistics/NBA_Statistics/Scraper_Master.py:25: UserWarning: Invalid URL: https://www.basketball-reference.com/players/m/manntr01/gamelog/2026/
  warnings.warn("Invalid URL: " + url)
Tre Mann Complete
Pat Connaughton Complete
Tidjane Salaün Complete
Grant Williams Complete
Liam McNeeley Complete
Coby White Complete
Xavier Tillman Complete
PJ Hall Complete
Antonio Reeves Complete
Tosan Evbuomwan Complete
Desmond Bane Complete
Wendell Carter Complete
Tristan Da Complete
Paolo Banchero Complete
Anthony Black Complete
Goga Bitadze Complete
Noah Penda Complete
Jett Howard Complete
Jalen Suggs Complete
Jonathan Isaac Complete
Jase Richardson Complete
Taking a long break...
Request failed (ConnectionError: ('Connection aborted.', ConnectionResetError(54, 'Connection reset by peer'))) — retrying with fresh session in 60s...
/Users/evanjohnson/Documents/personal/NBA_Statistics/NBA_Statistics/Scraper_Master.py:25: UserWarning: Invalid URL: https://www.basketball-reference.com/players/c/cainja01/gamelog/2026/
  warnings.warn("Invalid URL: " + url)
Jamal Cain Complete
Moritz Wagner Complete
Franz Wagner Complete
Jevon Carter Complete
Colin Castleton Complete
Alex Morales Complete
Naji Marshall Complete
Max Christie Complete
Klay Thompson Complete
Cooper Flagg Complete
Brandon Williams Complete
Caleb Martin Complete
Dwight Powell Complete
Ryan Nembhard Complete
P.J. Washington Complete
Daniel Gafford Complete
Moussa Cisse Complete
Khris Middleton Complete
Request failed (ConnectionError: ('Connection aborted.', ConnectionResetError(54, 'Connection reset by peer'))) — retrying with fresh session in 60s...
/Users/evanjohnson/Documents/personal/NBA_Statistics/NBA_Statistics/Scraper_Master.py:25: UserWarning: Invalid URL: https://www.basketball-reference.com/players/j/johnsaj01/gamelog/2026/
  warnings.warn("Invalid URL: " + url)
AJ Johnson Complete
Marvin Bagley Complete
John Poulakidas Complete
Taking a long break...
Tyler Smith Complete
Dereck Lively Complete
Kyrie Irving Complete
Kyle Filipowski Complete
Brice Sensabaugh Complete
Ace Bailey Complete
Cody Williams Complete
Isaiah Collier Complete
Keyonte George Complete
Svi Mykhailiuk Complete
Lauri Markkanen Complete
Jusuf Nurkić Complete
Kevin Love Complete
Elijah Harkless Complete
Oscar Tshiebwe Complete
John Konchar Complete
Blake Hinson Complete
Kennedy Chandler Complete
Walker Kessler Complete
Jaren Jackson Complete
Reed Sheppard Complete
Taking a long break...
Amen Thompson Complete
Kevin Durant Complete
Jabari Smith Complete
Josh Okogie Complete
Clint Capela Complete
Alperen Şengün Complete
Tari Eason Complete
Aaron Holiday Complete
Jae'Sean Tate Complete
Dorian Finney-Smith Complete
Steven Adams Complete
Jeff Green Complete
JD Davison Complete
Isaiah Crawford Complete
Fred VanVleet Complete
Tristen Newton Complete
Jamal Shead Complete
Scottie Barnes Complete
Sandro Mamukelashvili Complete
Brandon Ingram Complete
Gradey Dick Complete
Taking a long break...
Immanuel Quickley Complete
Ja'Kobe Walter Complete
Jamison Battle Complete
RJ Barrett Complete
Collin Murray-Boyles Complete
Jakob Poeltl Complete
Jonathan Mogbo Complete
Garrett Temple Complete
Alijah Martin Complete
A.J. Lawson Complete
Trayce Jackson-Davis Complete
Chucky Hepburn Complete
Cam Spencer Complete
Jaylen Wells Complete
Cedric Coward Complete
GG Jackson Complete
Olivier-Maxence Prosper Complete
Kentavious Caldwell-Pope Complete
Santi Aldama Complete
Javon Small Complete
Jahmai Mashack Complete
Taking a long break...
Taylor Hendricks Complete
Walter Clayton Complete
Ja Morant Complete
Ty Jerome Complete
Rayan Rupert Complete
Zach Edey Complete
Scotty Pippen Complete
Taj Gibson Complete
Adama-Alpha Bal Complete
Brandon Clarke Complete
Lucas Williamson Complete
Payton Pritchard Complete
Sam Hauser Complete
Derrick White Complete
Neemias Queta Complete
Baylor Scheierman Complete
Hugo González Complete
Jaylen Brown Complete
Luka Garza Complete
Jordan Walsh Complete
Ron Harper Complete
Taking a long break...
Amari Williams Complete
Jayson Tatum Complete
Nikola Vučević Complete
Max Shulga Complete
Charles Bassey Complete
John Tonje Complete
A.J. Green Complete
Ryan Rollins Complete
Myles Turner Complete
Bobby Portis Complete
Kyle Kuzma Complete
Gary Trent Complete
Jericho Sims Complete
Gary Harris Complete
Pete Nance Complete
Andre Jackson Complete
Kevin Porter Complete
Giannis Antetokounmpo Complete
Thanasis Antetokounmpo Complete
Ousmane Dieng Complete
Taurean Prince Complete
Taking a long break...
Cormac Ryan Complete
Alex Antetokounmpo Complete
Matas Buzelis Complete
Patrick Williams Complete
Isaac Okoro Complete
Tre Jones Complete
Josh Giddey Complete
Jalen Smith Complete
Lachlan Olbrich Complete
Rob Dillingham Complete
Guerschon Yabusele Complete
Leonard Miller Complete
Collin Sexton Complete
Nick Richards Complete
Yuki Kawamura Complete
Zach Collins Complete
Anfernee Simons Complete
Mac McClung Complete
Noa Essengue Complete
Mikal Bridges Complete
Karl-Anthony Towns Complete
Taking a long break...
Jalen Brunson Complete
Jordan Clarkson Complete
Mohamed Diawara Complete
OG Anunoby Complete
Josh Hart Complete
Tyler Kolek Complete
Mitchell Robinson Complete
Ariel Hukporti Complete
Landry Shamet Complete
Miles McBride Complete
Pacôme Dadiet Complete
 32   35 2025-12-31 NOP @ CHI L, 118-134 Suspended 
 32   35 2025-12-31 NOP @ CHI L, 118-134 Suspended 
 32   35 2025-12-31 NOP @ CHI L, 118-134 Suspended 
 32   35 2025-12-31 NOP @ CHI L, 118-134 Suspended 
 32   35 2025-12-31 NOP @ CHI L, 118-134 Suspended 
 32   35 2025-12-31 NOP @ CHI L, 118-134 Suspended 
 32   35 2025-12-31 NOP @ CHI L, 118-134 Suspended 
 32   35 2025-12-31 NOP @ CHI L, 118-134 Suspended 
 32   35 2025-12-31 NOP @ CHI L, 118-134 Suspended 
 32   35 2025-12-31 NOP @ CHI L, 118-134 Suspended 
 32   35 2025-12-31 NOP @ CHI L, 118-134 Suspended 
 32   35 2025-12-31 NOP @ CHI L, 118-134 Suspended 
 32   35 2025-12-31 NOP @ CHI L, 118-134 Suspended 
 32   35 2025-12-31 NOP @ CHI L, 118-134 Suspended 
 32   35 2025-12-31 NOP @ CHI L, 118-134 Suspended 
 32   35 2025-12-31 NOP @ CHI L, 118-134 Suspended 
Jose Alvarado Complete
Kevin McCullar Complete
Jeremy Sochan Complete
Trey Jemison Complete
Dillon Jones Complete
Julius Randle Complete
Donte DiVincenzo Complete
Naz Reid Complete
Rudy Gobert Complete
Jaden McDaniels Complete
Taking a long break...
Bones Hyland Complete
Jaylen Clark Complete
Anthony Edwards Complete
Mike Conley Complete
Terrence Shannon Complete
Joan Beringer Complete
Joe Ingles Complete
Ayo Dosunmu Complete
Kyle Anderson Complete
Julian Phillips Complete
Rocco Zikarsky Complete
Zyon Pullin Complete
Enrique Freeman Complete
VJ Edgecombe Complete
Quentin Grimes Complete
Adem Bona Complete
Dominick Barlow Complete
Tyrese Maxey Complete
Jabari Walker Complete
Justin Edwards Complete
Andre Drummond Complete
Taking a long break...
Trendon Watford Complete
Kelly Oubre Complete
Joel Embiid Complete
Paul George Complete
Cameron Payne Complete
Dalen Terry Complete
Kyle Lowry Complete
MarJon Beauchamp Complete
Johni Broome Complete
Tyrese Martin Complete
Jeremiah Fears Complete
Derik Queen Complete
Saddiq Bey Complete
Trey Murphy Complete
Yves Missi Complete
Karlo Matković Complete
Zion Williamson Complete
Micah Peavy Complete
Herbert Jones Complete
Jordan Hawkins Complete
Bryce McGowens Complete
Taking a long break...
Jordan Poole Complete
Kevon Looney Complete
Dejounte Murray Complete
DeAndre Jordan Complete
Trey Alexander Complete
Hunter Dickinson Complete
Josh Oduro Complete
DeMar DeRozan Complete
Nique Clifford Complete
Maxime Raynaud Complete
Precious Achiuwa Complete
Russell Westbrook Complete
Malik Monk Complete
Drew Eubanks Complete
Dylan Cardwell Complete
Zach LaVine Complete
Devin Carter Complete
Daeqwon Plowden Complete
Doug McDermott Complete
Keegan Murray Complete
Domantas Sabonis Complete
Taking a long break...
Killian Hayes Complete
Patrick Baldwin Complete
DaQuan Jeffries Complete
Isaiah Stevens Complete
De'Andre Hunter Complete
Player statistics have been updated for 2026-04-03
[master 605a468] Daily stats update: 2026-04-04
 201 files changed, 481 insertions(+), 171 deletions(-)
 create mode 100644 NBA_Statistics/2026_player_data/Tre Scott.csv
To https://github.com/Evan-Johnson/NBA_Statistics.git
   f088f91..605a468  master -> master
Done.
