=== NBA Daily Run: Sun Apr  5 09:00:00 MDT 2026 ===
5
Yesterday was: 2026-04-04
https://www.basketball-reference.com/boxscores/?month=4&day=4&year=2026
Daily teams were received and saved.
SAS
DEN
WAS
MIA
DET
PHI
Request failed (ConnectionError: ('Connection aborted.', ConnectionResetError(54, 'Connection reset by peer'))) — retrying with fresh session in 60s...
/Users/evanjohnson/Documents/personal/NBA_Statistics/NBA_Statistics/Scraper_Master.py:25: UserWarning: Invalid URL: https://www.basketball-reference.com/teams/PHI/2026.html
  warnings.warn("Invalid URL: " + url)
Player reference was updated.
Beginning player scraping...
Keldon Johnson Complete
Julian Champagnie Complete
Harrison Barnes Complete
De'Aaron Fox Complete
Carter Bryant Complete
Stephon Castle Complete
Dylan Harper Complete
Luke Kornet Complete
Devin Vassell Complete
Victor Wembanyama Complete
Kelly Olynyk Complete
Jordan McLaughlin Complete
Lindy Waters Complete
Bismack Biyombo Complete
David Jones Complete
Harrison Ingram Complete
Mason Plumlee Complete
Emanuel Miller Complete
Bruce Brown Complete
Tim Hardaway Complete
Jamal Murray Complete
Taking a long break...
Spencer Jones Complete
Nikola Jokić Complete
Jonas Valančiūnas Complete
Peyton Watson Complete
Julian Strawther Complete
Cameron Johnson Complete
Zeke Nnaji Complete
Jalen Pickett Complete
Christian Braun Complete
Aaron Gordon Complete
DaRon Holmes Complete
Tyus Jones Complete
Curtis Jones Complete
KJ Simpson Complete
David Roddy Complete
Bub Carrington Complete
Will Riley Complete
Justin Champagnie Complete
Request failed (ConnectionError: ('Connection aborted.', ConnectionResetError(54, 'Connection reset by peer'))) — retrying with fresh session in 60s...
/Users/evanjohnson/Documents/personal/NBA_Statistics/NBA_Statistics/Scraper_Master.py:25: UserWarning: Invalid URL: https://www.basketball-reference.com/players/j/johnstr03/gamelog/2026/
  warnings.warn("Invalid URL: " + url)
Tre Johnson Complete
Bilal Coulibaly Complete
Anthony Gill Complete
Taking a long break...
Request failed (ConnectionError: ('Connection aborted.', ConnectionResetError(54, 'Connection reset by peer'))) — retrying with fresh session in 60s...
/Users/evanjohnson/Documents/personal/NBA_Statistics/NBA_Statistics/Scraper_Master.py:25: UserWarning: Invalid URL: https://www.basketball-reference.com/players/v/vukcetr01/gamelog/2026/
  warnings.warn("Invalid URL: " + url)
Tristan Vukcevic Complete
Alex Sarr Complete
Kyshawn George Complete
Jamir Watkins Complete
Sharife Cooper Complete
Jaden Hardy Complete
Cam Whitmore Complete
Leaky Black Complete
Julian Reese Complete
Trae Young Complete
D'Angelo Russell Complete
Anthony Davis Complete
Kel'el Ware Complete
Jaime Jaquez Complete
Dru Smith Complete
Bam Adebayo Complete
Simone Fontecchio Complete
Pelle Larsson Complete
Davion Mitchell Complete
Andrew Wiggins Complete
Norman Powell Complete
Taking a long break...
Request failed (ConnectionError: ('Connection aborted.', ConnectionResetError(54, 'Connection reset by peer'))) — retrying with fresh session in 60s...
/Users/evanjohnson/Documents/personal/NBA_Statistics/NBA_Statistics/Scraper_Master.py:25: UserWarning: Invalid URL: https://www.basketball-reference.com/players/j/jakucka01/gamelog/2026/
  warnings.warn("Invalid URL: " + url)
Kasparas Jakučionis Complete
Nikola Jović Complete
Myron Gardner Complete
Tyler Herro Complete
Keshad Johnson Complete
Jahmir Young Complete
Vladislav Goldin Complete
Trevor Keels Complete
Request failed (ConnectionError: ('Connection aborted.', ConnectionResetError(54, 'Connection reset by peer'))) — retrying with fresh session in 60s...
/Users/evanjohnson/Documents/personal/NBA_Statistics/NBA_Statistics/Scraper_Master.py:25: UserWarning: Invalid URL: https://www.basketball-reference.com/players/r/roziete01/gamelog/2026/
  warnings.warn("Invalid URL: " + url)
Terry Rozier Complete
Javonte Green Complete
Request failed (ConnectionError: ('Connection aborted.', ConnectionResetError(54, 'Connection reset by peer'))) — retrying with fresh session in 60s...
/Users/evanjohnson/Documents/personal/NBA_Statistics/NBA_Statistics/Scraper_Master.py:25: UserWarning: Invalid URL: https://www.basketball-reference.com/players/r/robindu01/gamelog/2026/
  warnings.warn("Invalid URL: " + url)
Duncan Robinson Complete
Ron Holland Complete
Ausar Thompson Complete
Daniss Jenkins Complete
 44   53 2026-02-11 DET @ TOR W, 113-95 Suspended 
 44   53 2026-02-11 DET @ TOR W, 113-95 Suspended 
 44   53 2026-02-11 DET @ TOR W, 113-95 Suspended 
 44   53 2026-02-11 DET @ TOR W, 113-95 Suspended 
 44   53 2026-02-11 DET @ TOR W, 113-95 Suspended 
 44   53 2026-02-11 DET @ TOR W, 113-95 Suspended 
 44   53 2026-02-11 DET @ TOR W, 113-95 Suspended 
 44   53 2026-02-11 DET @ TOR W, 113-95 Suspended 
 44   53 2026-02-11 DET @ TOR W, 113-95 Suspended 
 44   53 2026-02-11 DET @ TOR W, 113-95 Suspended 
 44   53 2026-02-11 DET @ TOR W, 113-95 Suspended 
 44   53 2026-02-11 DET @ TOR W, 113-95 Suspended 
 44   53 2026-02-11 DET @ TOR W, 113-95 Suspended 
 44   53 2026-02-11 DET @ TOR W, 113-95 Suspended 
 44   53 2026-02-11 DET @ TOR W, 113-95 Suspended 
 44   53 2026-02-11 DET @ TOR W, 113-95 Suspended 
 44   54 2026-02-19 DET @ NYK W, 126-111 Suspended 
 44   54 2026-02-19 DET @ NYK W, 126-111 Suspended 
 44   54 2026-02-19 DET @ NYK W, 126-111 Suspended 
 44   54 2026-02-19 DET @ NYK W, 126-111 Suspended 
 44   54 2026-02-19 DET @ NYK W, 126-111 Suspended 
 44   54 2026-02-19 DET @ NYK W, 126-111 Suspended 
 44   54 2026-02-19 DET @ NYK W, 126-111 Suspended 
 44   54 2026-02-19 DET @ NYK W, 126-111 Suspended 
 44   54 2026-02-19 DET @ NYK W, 126-111 Suspended 
 44   54 2026-02-19 DET @ NYK W, 126-111 Suspended 
 44   54 2026-02-19 DET @ NYK W, 126-111 Suspended 
 44   54 2026-02-19 DET @ NYK W, 126-111 Suspended 
 44   54 2026-02-19 DET @ NYK W, 126-111 Suspended 
 44   54 2026-02-19 DET @ NYK W, 126-111 Suspended 
 44   54 2026-02-19 DET @ NYK W, 126-111 Suspended 
 44   54 2026-02-19 DET @ NYK W, 126-111 Suspended 
Jalen Duren Complete
Cade Cunningham Complete
Paul Reed Complete
Tobias Harris Complete
Caris LeVert Complete
 48   53 2026-02-11 DET @ TOR W, 113-95 Suspended 
 48   53 2026-02-11 DET @ TOR W, 113-95 Suspended 
 48   53 2026-02-11 DET @ TOR W, 113-95 Suspended 
 48   53 2026-02-11 DET @ TOR W, 113-95 Suspended 
 48   53 2026-02-11 DET @ TOR W, 113-95 Suspended 
 48   53 2026-02-11 DET @ TOR W, 113-95 Suspended 
 48   53 2026-02-11 DET @ TOR W, 113-95 Suspended 
 48   53 2026-02-11 DET @ TOR W, 113-95 Suspended 
 48   53 2026-02-11 DET @ TOR W, 113-95 Suspended 
 48   53 2026-02-11 DET @ TOR W, 113-95 Suspended 
 48   53 2026-02-11 DET @ TOR W, 113-95 Suspended 
 48   53 2026-02-11 DET @ TOR W, 113-95 Suspended 
 48   53 2026-02-11 DET @ TOR W, 113-95 Suspended 
 48   53 2026-02-11 DET @ TOR W, 113-95 Suspended 
 48   53 2026-02-11 DET @ TOR W, 113-95 Suspended 
 48   53 2026-02-11 DET @ TOR W, 113-95 Suspended 
 48   54 2026-02-19 DET @ NYK W, 126-111 Suspended 
 48   54 2026-02-19 DET @ NYK W, 126-111 Suspended 
 48   54 2026-02-19 DET @ NYK W, 126-111 Suspended 
 48   54 2026-02-19 DET @ NYK W, 126-111 Suspended 
 48   54 2026-02-19 DET @ NYK W, 126-111 Suspended 
 48   54 2026-02-19 DET @ NYK W, 126-111 Suspended 
 48   54 2026-02-19 DET @ NYK W, 126-111 Suspended 
 48   54 2026-02-19 DET @ NYK W, 126-111 Suspended 
 48   54 2026-02-19 DET @ NYK W, 126-111 Suspended 
 48   54 2026-02-19 DET @ NYK W, 126-111 Suspended 
 48   54 2026-02-19 DET @ NYK W, 126-111 Suspended 
 48   54 2026-02-19 DET @ NYK W, 126-111 Suspended 
 48   54 2026-02-19 DET @ NYK W, 126-111 Suspended 
 48   54 2026-02-19 DET @ NYK W, 126-111 Suspended 
 48   54 2026-02-19 DET @ NYK W, 126-111 Suspended 
 48   54 2026-02-19 DET @ NYK W, 126-111 Suspended 
 48   56 2026-02-23 DET   SAS L, 103-114 Suspended 
 48   56 2026-02-23 DET   SAS L, 103-114 Suspended 
 48   56 2026-02-23 DET   SAS L, 103-114 Suspended 
 48   56 2026-02-23 DET   SAS L, 103-114 Suspended 
 48   56 2026-02-23 DET   SAS L, 103-114 Suspended 
 48   56 2026-02-23 DET   SAS L, 103-114 Suspended 
 48   56 2026-02-23 DET   SAS L, 103-114 Suspended 
 48   56 2026-02-23 DET   SAS L, 103-114 Suspended 
 48   56 2026-02-23 DET   SAS L, 103-114 Suspended 
 48   56 2026-02-23 DET   SAS L, 103-114 Suspended 
 48   56 2026-02-23 DET   SAS L, 103-114 Suspended 
 48   56 2026-02-23 DET   SAS L, 103-114 Suspended 
 48   56 2026-02-23 DET   SAS L, 103-114 Suspended 
 48   56 2026-02-23 DET   SAS L, 103-114 Suspended 
 48   56 2026-02-23 DET   SAS L, 103-114 Suspended 
 48   56 2026-02-23 DET   SAS L, 103-114 Suspended 
 48   57 2026-02-25 DET   OKC W, 124-116 Suspended 
 48   57 2026-02-25 DET   OKC W, 124-116 Suspended 
 48   57 2026-02-25 DET   OKC W, 124-116 Suspended 
 48   57 2026-02-25 DET   OKC W, 124-116 Suspended 
 48   57 2026-02-25 DET   OKC W, 124-116 Suspended 
 48   57 2026-02-25 DET   OKC W, 124-116 Suspended 
 48   57 2026-02-25 DET   OKC W, 124-116 Suspended 
 48   57 2026-02-25 DET   OKC W, 124-116 Suspended 
 48   57 2026-02-25 DET   OKC W, 124-116 Suspended 
 48   57 2026-02-25 DET   OKC W, 124-116 Suspended 
 48   57 2026-02-25 DET   OKC W, 124-116 Suspended 
 48   57 2026-02-25 DET   OKC W, 124-116 Suspended 
 48   57 2026-02-25 DET   OKC W, 124-116 Suspended 
 48   57 2026-02-25 DET   OKC W, 124-116 Suspended 
 48   57 2026-02-25 DET   OKC W, 124-116 Suspended 
 48   57 2026-02-25 DET   OKC W, 124-116 Suspended 
 48   58 2026-02-27 DET   CLE W, 122-119 (OT) Suspended 
 48   58 2026-02-27 DET   CLE W, 122-119 (OT) Suspended 
 48   58 2026-02-27 DET   CLE W, 122-119 (OT) Suspended 
 48   58 2026-02-27 DET   CLE W, 122-119 (OT) Suspended 
 48   58 2026-02-27 DET   CLE W, 122-119 (OT) Suspended 
 48   58 2026-02-27 DET   CLE W, 122-119 (OT) Suspended 
 48   58 2026-02-27 DET   CLE W, 122-119 (OT) Suspended 
 48   58 2026-02-27 DET   CLE W, 122-119 (OT) Suspended 
 48   58 2026-02-27 DET   CLE W, 122-119 (OT) Suspended 
 48   58 2026-02-27 DET   CLE W, 122-119 (OT) Suspended 
 48   58 2026-02-27 DET   CLE W, 122-119 (OT) Suspended 
 48   58 2026-02-27 DET   CLE W, 122-119 (OT) Suspended 
 48   58 2026-02-27 DET   CLE W, 122-119 (OT) Suspended 
 48   58 2026-02-27 DET   CLE W, 122-119 (OT) Suspended 
 48   58 2026-02-27 DET   CLE W, 122-119 (OT) Suspended 
 48   58 2026-02-27 DET   CLE W, 122-119 (OT) Suspended 
 48   59 2026-03-01 DET @ ORL W, 106-92 Suspended 
 48   59 2026-03-01 DET @ ORL W, 106-92 Suspended 
 48   59 2026-03-01 DET @ ORL W, 106-92 Suspended 
 48   59 2026-03-01 DET @ ORL W, 106-92 Suspended 
 48   59 2026-03-01 DET @ ORL W, 106-92 Suspended 
 48   59 2026-03-01 DET @ ORL W, 106-92 Suspended 
 48   59 2026-03-01 DET @ ORL W, 106-92 Suspended 
 48   59 2026-03-01 DET @ ORL W, 106-92 Suspended 
 48   59 2026-03-01 DET @ ORL W, 106-92 Suspended 
 48   59 2026-03-01 DET @ ORL W, 106-92 Suspended 
 48   59 2026-03-01 DET @ ORL W, 106-92 Suspended 
 48   59 2026-03-01 DET @ ORL W, 106-92 Suspended 
 48   59 2026-03-01 DET @ ORL W, 106-92 Suspended 
 48   59 2026-03-01 DET @ ORL W, 106-92 Suspended 
 48   59 2026-03-01 DET @ ORL W, 106-92 Suspended 
 48   59 2026-03-01 DET @ ORL W, 106-92 Suspended 
Isaiah Stewart Complete
Marcus Sasser Complete
Taking a long break...
Chaz Lanier Complete
Kevin Huerter Complete
Tolu Smith Complete
Bobi Klintman Complete
Wendell Moore Complete
Isaac Jones Complete
VJ Edgecombe Complete
Quentin Grimes Complete
Adem Bona Complete
Dominick Barlow Complete
Tyrese Maxey Complete
Jabari Walker Complete
Justin Edwards Complete
Andre Drummond Complete
Trendon Watford Complete
Kelly Oubre Complete
Joel Embiid Complete
Paul George Complete
Request failed (ReadTimeout: HTTPSConnectionPool(host='www.basketball-reference.com', port=443): Read timed out. (read timeout=30)) — retrying with fresh session in 60s...
/Users/evanjohnson/Documents/personal/NBA_Statistics/NBA_Statistics/Scraper_Master.py:25: UserWarning: Invalid URL: https://www.basketball-reference.com/players/p/payneca01/gamelog/2026/
  warnings.warn("Invalid URL: " + url)
Cameron Payne Complete
MarJon Beauchamp Complete
Dalen Terry Complete
Taking a long break...
Kyle Lowry Complete
Johni Broome Complete
Request failed (ReadTimeout: HTTPSConnectionPool(host='www.basketball-reference.com', port=443): Read timed out. (read timeout=30)) — retrying with fresh session in 60s...
/Users/evanjohnson/Documents/personal/NBA_Statistics/NBA_Statistics/Scraper_Master.py:25: UserWarning: Invalid URL: https://www.basketball-reference.com/players/m/martity01/gamelog/2026/
  warnings.warn("Invalid URL: " + url)
Tyrese Martin Complete
Player statistics have been updated for 2026-04-04
[master 3bb2fd9] Daily stats update: 2026-04-05
 69 files changed, 164 insertions(+), 321 deletions(-)
To https://github.com/Evan-Johnson/NBA_Statistics.git
   605a468..3bb2fd9  master -> master
Done.
