=== NBA Daily Run: Thu Apr  2 09:11:54 MDT 2026 ===
2
Yesterday was: 2026-04-01
https://www.basketball-reference.com/boxscores/?month=4&day=1&year=2026
Daily teams were received and saved.
IND
CHI
SAS
GSW
MIL
HOU
NYK
MEM
BOS
MIA
ATL
ORL
SAC
TOR
DEN
UTA
PHI
WAS
Player reference was updated.
Beginning player scraping...
Jay Huff Complete
Jarace Walker Complete
Ben Sheppard Complete
Pascal Siakam Complete
Andrew Nembhard Complete
T.J. McConnell Complete
Aaron Nesmith Complete
Quenton Jackson Complete
Micah Potter Complete
Johnny Furphy Complete
Taelon Peter Complete
Kam Jones Complete
Ethan Thompson Complete
Kobe Brown Complete
Obi Toppin Complete
Jalen Slawson Complete
Ivica Zubac Complete
Tyrese Haliburton Complete
Matas Buzelis Complete
Patrick Williams Complete
Isaac Okoro Complete
Taking a long break...
Tre Jones Complete
Josh Giddey Complete
Jalen Smith Complete
Lachlan Olbrich Complete
Rob Dillingham Complete
Guerschon Yabusele Complete
Leonard Miller Complete
Collin Sexton Complete
Nick Richards Complete
Yuki Kawamura Complete
Zach Collins Complete
Anfernee Simons Complete
Mac McClung Complete
Noa Essengue Complete
Keldon Johnson Complete
Julian Champagnie Complete
Harrison Barnes Complete
De'Aaron Fox Complete
Carter Bryant Complete
Stephon Castle Complete
Dylan Harper Complete
Taking a long break...
Luke Kornet Complete
Victor Wembanyama Complete
Devin Vassell Complete
Kelly Olynyk Complete
Jordan McLaughlin Complete
Lindy Waters Complete
Bismack Biyombo Complete
David Jones Complete
Harrison Ingram Complete
Mason Plumlee Complete
Emanuel Miller Complete
Brandin Podziemski Complete
Quinten Post Complete
Gary Payton Complete
Will Richard Complete
Gui Santos Complete
Draymond Green Complete
Moses Moody Complete
Pat Spencer Complete
De'Anthony Melton Complete
Al Horford Complete
Taking a long break...
Stephen Curry Complete
Jimmy Butler Complete
Malevy Leons Complete
LJ Cryer Complete
Nate Williams Complete
Kristaps Porziņģis Complete
Omer Yurtseven Complete
Seth Curry Complete
Ryan Rollins Complete
A.J. Green Complete
Myles Turner Complete
Bobby Portis Complete
Kyle Kuzma Complete
Gary Trent Complete
Jericho Sims Complete
Gary Harris Complete
Pete Nance Complete
Andre Jackson Complete
Kevin Porter Complete
Giannis Antetokounmpo Complete
Thanasis Antetokounmpo Complete
Taking a long break...
Ousmane Dieng Complete
Taurean Prince Complete
Cormac Ryan Complete
Alex Antetokounmpo Complete
Reed Sheppard Complete
Amen Thompson Complete
Kevin Durant Complete
Jabari Smith Complete
Josh Okogie Complete
Clint Capela Complete
Alperen Şengün Complete
Tari Eason Complete
Aaron Holiday Complete
Jae'Sean Tate Complete
Dorian Finney-Smith Complete
Steven Adams Complete
Jeff Green Complete
JD Davison Complete
Isaiah Crawford Complete
Fred VanVleet Complete
Tristen Newton Complete
Taking a long break...
Mikal Bridges Complete
Karl-Anthony Towns Complete
Jalen Brunson Complete
Jordan Clarkson Complete
Mohamed Diawara Complete
OG Anunoby Complete
Josh Hart Complete
Tyler Kolek Complete
Mitchell Robinson Complete
Ariel Hukporti Complete
Landry Shamet Complete
Miles McBride Complete
Pacôme Dadiet Complete
 32   35 2025-12-31 NOP @ CHI L, 118-134 Suspended 
 32   35 2025-12-31 NOP @ CHI L, 118-134 Suspended 
 32   35 2025-12-31 NOP @ CHI L, 118-134 Suspended 
 32   35 2025-12-31 NOP @ CHI L, 118-134 Suspended 
 32   35 2025-12-31 NOP @ CHI L, 118-134 Suspended 
 32   35 2025-12-31 NOP @ CHI L, 118-134 Suspended 
 32   35 2025-12-31 NOP @ CHI L, 118-134 Suspended 
 32   35 2025-12-31 NOP @ CHI L, 118-134 Suspended 
 32   35 2025-12-31 NOP @ CHI L, 118-134 Suspended 
 32   35 2025-12-31 NOP @ CHI L, 118-134 Suspended 
 32   35 2025-12-31 NOP @ CHI L, 118-134 Suspended 
 32   35 2025-12-31 NOP @ CHI L, 118-134 Suspended 
 32   35 2025-12-31 NOP @ CHI L, 118-134 Suspended 
 32   35 2025-12-31 NOP @ CHI L, 118-134 Suspended 
 32   35 2025-12-31 NOP @ CHI L, 118-134 Suspended 
 32   35 2025-12-31 NOP @ CHI L, 118-134 Suspended 
Jose Alvarado Complete
Kevin McCullar Complete
Jeremy Sochan Complete
Trey Jemison Complete
Dillon Jones Complete
Cam Spencer Complete
Jaylen Wells Complete
Cedric Coward Complete
Taking a long break...
GG Jackson Complete
Olivier-Maxence Prosper Complete
Kentavious Caldwell-Pope Complete
Santi Aldama Complete
Javon Small Complete
Jahmai Mashack Complete
Taylor Hendricks Complete
Walter Clayton Complete
Ja Morant Complete
Ty Jerome Complete
Tyler Burton Complete
Rayan Rupert Complete
Zach Edey Complete
DeJon Jarreau Complete
Scotty Pippen Complete
Taj Gibson Complete
Adama-Alpha Bal Complete
Brandon Clarke Complete
Lucas Williamson Complete
Payton Pritchard Complete
Sam Hauser Complete
Taking a long break...
Derrick White Complete
Neemias Queta Complete
Baylor Scheierman Complete
Hugo González Complete
Jaylen Brown Complete
Luka Garza Complete
Jordan Walsh Complete
Ron Harper Complete
Amari Williams Complete
Jayson Tatum Complete
Nikola Vučević Complete
Max Shulga Complete
John Tonje Complete
Charles Bassey Complete
Kel'el Ware Complete
Jaime Jaquez Complete
Dru Smith Complete
Bam Adebayo Complete
Simone Fontecchio Complete
Pelle Larsson Complete
Davion Mitchell Complete
Taking a long break...
Andrew Wiggins Complete
Norman Powell Complete
Kasparas Jakučionis Complete
Nikola Jović Complete
Myron Gardner Complete
Tyler Herro Complete
Keshad Johnson Complete
Jahmir Young Complete
Vladislav Goldin Complete
Trevor Keels Complete
Terry Rozier Complete
Nickeil Alexander-Walker Complete
Mouhamed Gueye Complete
Dyson Daniels Complete
Onyeka Okongwu Complete
Jalen Johnson Complete
Zaccharie Risacher Complete
Keaton Wallace Complete
Asa Newell Complete
CJ McCollum Complete
Corey Kispert Complete
Taking a long break...
Jock Landale Complete
Gabe Vincent Complete
Caleb Houstan Complete
Jonathan Kuminga Complete
Christian Koloko Complete
Buddy Hield Complete
RayJ Dennis Complete
Keshon Gilbert Complete
Desmond Bane Complete
Wendell Carter Complete
Tristan Da Complete
Paolo Banchero Complete
Anthony Black Complete
Goga Bitadze Complete
Noah Penda Complete
Jett Howard Complete
Jonathan Isaac Complete
Jalen Suggs Complete
Jase Richardson Complete
Moritz Wagner Complete
Jamal Cain Complete
Taking a long break...
Franz Wagner Complete
Jevon Carter Complete
Colin Castleton Complete
Alex Morales Complete
DeMar DeRozan Complete
Nique Clifford Complete
Maxime Raynaud Complete
Precious Achiuwa Complete
Russell Westbrook Complete
Malik Monk Complete
Drew Eubanks Complete
Zach LaVine Complete
Dylan Cardwell Complete
Devin Carter Complete
Daeqwon Plowden Complete
Doug McDermott Complete
Keegan Murray Complete
Domantas Sabonis Complete
Killian Hayes Complete
Patrick Baldwin Complete
DaQuan Jeffries Complete
Taking a long break...
Isaiah Stevens Complete
De'Andre Hunter Complete
Jamal Shead Complete
Scottie Barnes Complete
Sandro Mamukelashvili Complete
Brandon Ingram Complete
Gradey Dick Complete
Immanuel Quickley Complete
Ja'Kobe Walter Complete
Jamison Battle Complete
RJ Barrett Complete
Collin Murray-Boyles Complete
Jakob Poeltl Complete
Jonathan Mogbo Complete
Garrett Temple Complete
Alijah Martin Complete
A.J. Lawson Complete
Trayce Jackson-Davis Complete
Markelle Fultz Complete
Chucky Hepburn Complete
Bruce Brown Complete
Taking a long break...
Tim Hardaway Complete
Jamal Murray Complete
Spencer Jones Complete
Nikola Jokić Complete
Jonas Valančiūnas Complete
Peyton Watson Complete
Julian Strawther Complete
Cameron Johnson Complete
Zeke Nnaji Complete
Jalen Pickett Complete
Christian Braun Complete
Aaron Gordon Complete
DaRon Holmes Complete
Tyus Jones Complete
Curtis Jones Complete
KJ Simpson Complete
David Roddy Complete
Kyle Filipowski Complete
Brice Sensabaugh Complete
Ace Bailey Complete
Cody Williams Complete
Taking a long break...
Isaiah Collier Complete
Keyonte George Complete
Svi Mykhailiuk Complete
Lauri Markkanen Complete
Jusuf Nurkić Complete
Kevin Love Complete
Elijah Harkless Complete
Oscar Tshiebwe Complete
John Konchar Complete
Blake Hinson Complete
Bez Mbeng Complete
Kennedy Chandler Complete
Walker Kessler Complete
Jaren Jackson Complete
VJ Edgecombe Complete
Quentin Grimes Complete
Adem Bona Complete
Dominick Barlow Complete
Tyrese Maxey Complete
Jabari Walker Complete
Justin Edwards Complete
Taking a long break...
Andre Drummond Complete
Trendon Watford Complete
Kelly Oubre Complete
Joel Embiid Complete
Paul George Complete
Cameron Payne Complete
Dalen Terry Complete
Kyle Lowry Complete
MarJon Beauchamp Complete
Johni Broome Complete
Tyrese Martin Complete
Bub Carrington Complete
Will Riley Complete
Justin Champagnie Complete
Tre Johnson Complete
Bilal Coulibaly Complete
Tristan Vukcevic Complete
Anthony Gill Complete
Alex Sarr Complete
Kyshawn George Complete
Jamir Watkins Complete
Taking a long break...
Sharife Cooper Complete
Cam Whitmore Complete
Jaden Hardy Complete
Leaky Black Complete
Julian Reese Complete
Trae Young Complete
D'Angelo Russell Complete
Anthony Davis Complete
Player statistics have been updated for 2026-04-01
[master 0c99ddd] Daily stats update: 2026-04-02
 194 files changed, 513 insertions(+), 227 deletions(-)
 create mode 100644 NBA_Statistics/2026_player_data/Adama-Alpha Bal.csv
 create mode 100644 NBA_Statistics/2026_player_data/DaQuan Jeffries.csv
 create mode 100644 NBA_Statistics/2026_player_data/Leaky Black.csv
 create mode 100644 NBA_Statistics/2026_player_data/Lucas Williamson.csv
To https://github.com/Evan-Johnson/NBA_Statistics.git
   508edd9..0c99ddd  master -> master
Done.
