=== NBA Daily Run: Sat Mar 28 10:04:58 CDT 2026 ===
28
Yesterday was: 2026-03-27
https://www.basketball-reference.com/boxscores/?month=3&day=27&year=2026
Request failed (ConnectionError: HTTPSConnectionPool(host='www.basketball-reference.com', port=443): Max retries exceeded with url: /boxscores/?month=3&day=27&year=2026 (Caused by NameResolutionError("<urllib3.connection.HTTPSConnection object at 0x10a824d70>: Failed to resolve 'www.basketball-reference.com' ([Errno 8] nodename nor servname provided, or not known)"))) — retrying with fresh session in 60s...
/Users/evanjohnson/Documents/personal/NBA_Statistics/NBA_Statistics/Scraper_Master.py:25: UserWarning: Invalid URL: https://www.basketball-reference.com/boxscores/?month=3&day=27&year=2026
  warnings.warn("Invalid URL: " + url)
Retry also failed (ConnectionError: HTTPSConnectionPool(host='www.basketball-reference.com', port=443): Max retries exceeded with url: /boxscores/?month=3&day=27&year=2026 (Caused by NameResolutionError("<urllib3.connection.HTTPSConnection object at 0x10a8b1e50>: Failed to resolve 'www.basketball-reference.com' ([Errno 8] nodename nor servname provided, or not known)")))
Traceback (most recent call last):
  File "/Users/evanjohnson/Documents/personal/NBA_Statistics/NBA_Statistics/DailyController.py", line 25, in <module>
    Daily_Running()
    ~~~~~~~~~~~~~^^
  File "/Users/evanjohnson/Documents/personal/NBA_Statistics/NBA_Statistics/DailyController.py", line 11, in Daily_Running
    ds.Get_Daily_Teams(days_before)
    ~~~~~~~~~~~~~~~~~~^^^^^^^^^^^^^
  File "/Users/evanjohnson/Documents/personal/NBA_Statistics/NBA_Statistics/Daily_Scraper.py", line 26, in Get_Daily_Teams
    raise RuntimeError("Failed to fetch boxscores page: " + url)
RuntimeError: Failed to fetch boxscores page: https://www.basketball-reference.com/boxscores/?month=3&day=27&year=2026
Script failed, skipping git push.
=== NBA Daily Run: Sat Mar 28 12:11:55 CDT 2026 ===
28
Yesterday was: 2026-03-27
https://www.basketball-reference.com/boxscores/?month=3&day=27&year=2026
Daily teams were received and saved.
ATL
BOS
MIA
CLE
UTA
DEN
WAS
GSW
LAC
IND
BRK
LAL
HOU
MEM
CHI
OKC
DAL
POR
NOP
TOR
Player reference was updated.
Beginning player scraping...
Nickeil Alexander-Walker Complete
Dyson Daniels Complete
Mouhamed Gueye Complete
Onyeka Okongwu Complete
Jalen Johnson Complete
Zaccharie Risacher Complete
Keaton Wallace Complete
Asa Newell Complete
CJ McCollum Complete
Corey Kispert Complete
Jock Landale Complete
Gabe Vincent Complete
Caleb Houstan Complete
Christian Koloko Complete
Jonathan Kuminga Complete
Buddy Hield Complete
RayJ Dennis Complete
Keshon Gilbert Complete
Payton Pritchard Complete
Derrick White Complete
Sam Hauser Complete
Taking a long break...
Neemias Queta Complete
Baylor Scheierman Complete
Hugo González Complete
Jaylen Brown Complete
Luka Garza Complete
Jordan Walsh Complete
Ron Harper Complete
Amari Williams Complete
Nikola Vučević Complete
Jayson Tatum Complete
Max Shulga Complete
John Tonje Complete
Charles Bassey Complete
Kel'el Ware Complete
Jaime Jaquez Complete
Dru Smith Complete
Bam Adebayo Complete
Simone Fontecchio Complete
Pelle Larsson Complete
Davion Mitchell Complete
Andrew Wiggins Complete
Taking a long break...
Norman Powell Complete
Kasparas Jakučionis Complete
Nikola Jović Complete
Myron Gardner Complete
Tyler Herro Complete
Keshad Johnson Complete
Jahmir Young Complete
Vladislav Goldin Complete
Trevor Keels Complete
Terry Rozier Complete
Donovan Mitchell Complete
Jaylon Tyson Complete
Evan Mobley Complete
Nae'Qwan Tomlin Complete
Craig Porter Complete
Dean Wade Complete
Thomas Bryant Complete
Jarrett Allen Complete
Sam Merrill Complete
Tyrese Proctor Complete
Larry Nance Complete
Taking a long break...
Request failed (ConnectionError: ('Connection aborted.', ConnectionResetError(54, 'Connection reset by peer'))) — retrying with fresh session in 60s...
/Users/evanjohnson/Documents/personal/NBA_Statistics/NBA_Statistics/Scraper_Master.py:25: UserWarning: Invalid URL: https://www.basketball-reference.com/players/s/schrode01/gamelog/2026/
  warnings.warn("Invalid URL: " + url)
 31   39 2026-01-11 SAC   HOU W, 111-98 Suspended 
 31   39 2026-01-11 SAC   HOU W, 111-98 Suspended 
 31   39 2026-01-11 SAC   HOU W, 111-98 Suspended 
 31   39 2026-01-11 SAC   HOU W, 111-98 Suspended 
 31   39 2026-01-11 SAC   HOU W, 111-98 Suspended 
 31   39 2026-01-11 SAC   HOU W, 111-98 Suspended 
 31   39 2026-01-11 SAC   HOU W, 111-98 Suspended 
 31   39 2026-01-11 SAC   HOU W, 111-98 Suspended 
 31   39 2026-01-11 SAC   HOU W, 111-98 Suspended 
 31   39 2026-01-11 SAC   HOU W, 111-98 Suspended 
 31   39 2026-01-11 SAC   HOU W, 111-98 Suspended 
 31   39 2026-01-11 SAC   HOU W, 111-98 Suspended 
 31   39 2026-01-11 SAC   HOU W, 111-98 Suspended 
 31   39 2026-01-11 SAC   HOU W, 111-98 Suspended 
 31   39 2026-01-11 SAC   HOU W, 111-98 Suspended 
 31   39 2026-01-11 SAC   HOU W, 111-98 Suspended 
 31   40 2026-01-12 SAC   LAL W, 124-112 Suspended 
 31   40 2026-01-12 SAC   LAL W, 124-112 Suspended 
 31   40 2026-01-12 SAC   LAL W, 124-112 Suspended 
 31   40 2026-01-12 SAC   LAL W, 124-112 Suspended 
 31   40 2026-01-12 SAC   LAL W, 124-112 Suspended 
 31   40 2026-01-12 SAC   LAL W, 124-112 Suspended 
 31   40 2026-01-12 SAC   LAL W, 124-112 Suspended 
 31   40 2026-01-12 SAC   LAL W, 124-112 Suspended 
 31   40 2026-01-12 SAC   LAL W, 124-112 Suspended 
 31   40 2026-01-12 SAC   LAL W, 124-112 Suspended 
 31   40 2026-01-12 SAC   LAL W, 124-112 Suspended 
 31   40 2026-01-12 SAC   LAL W, 124-112 Suspended 
 31   40 2026-01-12 SAC   LAL W, 124-112 Suspended 
 31   40 2026-01-12 SAC   LAL W, 124-112 Suspended 
 31   40 2026-01-12 SAC   LAL W, 124-112 Suspended 
 31   40 2026-01-12 SAC   LAL W, 124-112 Suspended 
 31   41 2026-01-14 SAC   NYK W, 112-101 Suspended 
 31   41 2026-01-14 SAC   NYK W, 112-101 Suspended 
 31   41 2026-01-14 SAC   NYK W, 112-101 Suspended 
 31   41 2026-01-14 SAC   NYK W, 112-101 Suspended 
 31   41 2026-01-14 SAC   NYK W, 112-101 Suspended 
 31   41 2026-01-14 SAC   NYK W, 112-101 Suspended 
 31   41 2026-01-14 SAC   NYK W, 112-101 Suspended 
 31   41 2026-01-14 SAC   NYK W, 112-101 Suspended 
 31   41 2026-01-14 SAC   NYK W, 112-101 Suspended 
 31   41 2026-01-14 SAC   NYK W, 112-101 Suspended 
 31   41 2026-01-14 SAC   NYK W, 112-101 Suspended 
 31   41 2026-01-14 SAC   NYK W, 112-101 Suspended 
 31   41 2026-01-14 SAC   NYK W, 112-101 Suspended 
 31   41 2026-01-14 SAC   NYK W, 112-101 Suspended 
 31   41 2026-01-14 SAC   NYK W, 112-101 Suspended 
 31   41 2026-01-14 SAC   NYK W, 112-101 Suspended 
Dennis Schröder Complete
Keon Ellis Complete
James Harden Complete
Request failed (ConnectionError: ('Connection aborted.', ConnectionResetError(54, 'Connection reset by peer'))) — retrying with fresh session in 60s...
/Users/evanjohnson/Documents/personal/NBA_Statistics/NBA_Statistics/Scraper_Master.py:25: UserWarning: Invalid URL: https://www.basketball-reference.com/players/s/strusma01/gamelog/2026/
  warnings.warn("Invalid URL: " + url)
Max Strus Complete
Tristan Enaruna Complete
Request failed (ConnectionError: ('Connection aborted.', ConnectionResetError(54, 'Connection reset by peer'))) — retrying with fresh session in 60s...
/Users/evanjohnson/Documents/personal/NBA_Statistics/NBA_Statistics/Scraper_Master.py:25: UserWarning: Invalid URL: https://www.basketball-reference.com/players/m/minixri01/gamelog/2026/
  warnings.warn("Invalid URL: " + url)
Riley Minix Complete
Request failed (ConnectionError: ('Connection aborted.', ConnectionResetError(54, 'Connection reset by peer'))) — retrying with fresh session in 60s...
/Users/evanjohnson/Documents/personal/NBA_Statistics/NBA_Statistics/Scraper_Master.py:25: UserWarning: Invalid URL: https://www.basketball-reference.com/players/s/sarrol01/gamelog/2026/
  warnings.warn("Invalid URL: " + url)
Olivier Sarr Complete
Kyle Filipowski Complete
Request failed (ConnectionError: ('Connection aborted.', ConnectionResetError(54, 'Connection reset by peer'))) — retrying with fresh session in 60s...
/Users/evanjohnson/Documents/personal/NBA_Statistics/NBA_Statistics/Scraper_Master.py:25: UserWarning: Invalid URL: https://www.basketball-reference.com/players/s/sensabr01/gamelog/2026/
  warnings.warn("Invalid URL: " + url)
Brice Sensabaugh Complete
Request failed (ConnectionError: ('Connection aborted.', ConnectionResetError(54, 'Connection reset by peer'))) — retrying with fresh session in 60s...
/Users/evanjohnson/Documents/personal/NBA_Statistics/NBA_Statistics/Scraper_Master.py:25: UserWarning: Invalid URL: https://www.basketball-reference.com/players/b/baileac01/gamelog/2026/
  warnings.warn("Invalid URL: " + url)
Ace Bailey Complete
Isaiah Collier Complete
Cody Williams Complete
Request failed (ReadTimeout: HTTPSConnectionPool(host='www.basketball-reference.com', port=443): Read timed out. (read timeout=30)) — retrying with fresh session in 60s...
/Users/evanjohnson/Documents/personal/NBA_Statistics/NBA_Statistics/Scraper_Master.py:25: UserWarning: Invalid URL: https://www.basketball-reference.com/players/g/georgke01/gamelog/2026/
  warnings.warn("Invalid URL: " + url)
Keyonte George Complete
Svi Mykhailiuk Complete
Lauri Markkanen Complete
Jusuf Nurkić Complete
Request failed (ReadTimeout: HTTPSConnectionPool(host='www.basketball-reference.com', port=443): Read timed out. (read timeout=30)) — retrying with fresh session in 60s...
/Users/evanjohnson/Documents/personal/NBA_Statistics/NBA_Statistics/Scraper_Master.py:25: UserWarning: Invalid URL: https://www.basketball-reference.com/players/l/loveke01/gamelog/2026/
  warnings.warn("Invalid URL: " + url)
Retry also failed (ConnectionError: HTTPSConnectionPool(host='www.basketball-reference.com', port=443): Max retries exceeded with url: /players/l/loveke01/gamelog/2026/ (Caused by NameResolutionError("<urllib3.connection.HTTPSConnection object at 0x10b28a710>: Failed to resolve 'www.basketball-reference.com' ([Errno 8] nodename nor servname provided, or not known)")))
Kevin Love has no games found
Request failed (ConnectionError: HTTPSConnectionPool(host='www.basketball-reference.com', port=443): Max retries exceeded with url: /players/h/harklej01/gamelog/2026/ (Caused by NameResolutionError("<urllib3.connection.HTTPSConnection object at 0x10b28ad50>: Failed to resolve 'www.basketball-reference.com' ([Errno 8] nodename nor servname provided, or not known)"))) — retrying with fresh session in 60s...
/Users/evanjohnson/Documents/personal/NBA_Statistics/NBA_Statistics/Scraper_Master.py:25: UserWarning: Invalid URL: https://www.basketball-reference.com/players/h/harklej01/gamelog/2026/
  warnings.warn("Invalid URL: " + url)
Retry also failed (ConnectionError: HTTPSConnectionPool(host='www.basketball-reference.com', port=443): Max retries exceeded with url: /players/h/harklej01/gamelog/2026/ (Caused by NameResolutionError("<urllib3.connection.HTTPSConnection object at 0x10b28b390>: Failed to resolve 'www.basketball-reference.com' ([Errno 8] nodename nor servname provided, or not known)")))
Elijah Harkless has no games found
Request failed (ConnectionError: HTTPSConnectionPool(host='www.basketball-reference.com', port=443): Max retries exceeded with url: /players/t/tshieos01/gamelog/2026/ (Caused by NameResolutionError("<urllib3.connection.HTTPSConnection object at 0x10b288cd0>: Failed to resolve 'www.basketball-reference.com' ([Errno 8] nodename nor servname provided, or not known)"))) — retrying with fresh session in 60s...
/Users/evanjohnson/Documents/personal/NBA_Statistics/NBA_Statistics/Scraper_Master.py:25: UserWarning: Invalid URL: https://www.basketball-reference.com/players/t/tshieos01/gamelog/2026/
  warnings.warn("Invalid URL: " + url)
Retry also failed (ConnectionError: HTTPSConnectionPool(host='www.basketball-reference.com', port=443): Max retries exceeded with url: /players/t/tshieos01/gamelog/2026/ (Caused by NameResolutionError("<urllib3.connection.HTTPSConnection object at 0x1142b5090>: Failed to resolve 'www.basketball-reference.com' ([Errno 8] nodename nor servname provided, or not known)")))
Oscar Tshiebwe has no games found
Request failed (ConnectionError: HTTPSConnectionPool(host='www.basketball-reference.com', port=443): Max retries exceeded with url: /players/k/konchjo01/gamelog/2026/ (Caused by NameResolutionError("<urllib3.connection.HTTPSConnection object at 0x1142b4a50>: Failed to resolve 'www.basketball-reference.com' ([Errno 8] nodename nor servname provided, or not known)"))) — retrying with fresh session in 60s...
/Users/evanjohnson/Documents/personal/NBA_Statistics/NBA_Statistics/Scraper_Master.py:25: UserWarning: Invalid URL: https://www.basketball-reference.com/players/k/konchjo01/gamelog/2026/
  warnings.warn("Invalid URL: " + url)
Retry also failed (ConnectionError: HTTPSConnectionPool(host='www.basketball-reference.com', port=443): Max retries exceeded with url: /players/k/konchjo01/gamelog/2026/ (Caused by NameResolutionError("<urllib3.connection.HTTPSConnection object at 0x1142b4910>: Failed to resolve 'www.basketball-reference.com' ([Errno 8] nodename nor servname provided, or not known)")))
John Konchar has no games found
Request failed (ConnectionError: HTTPSConnectionPool(host='www.basketball-reference.com', port=443): Max retries exceeded with url: /players/h/hinsobl01/gamelog/2026/ (Caused by NameResolutionError("<urllib3.connection.HTTPSConnection object at 0x1142b4690>: Failed to resolve 'www.basketball-reference.com' ([Errno 8] nodename nor servname provided, or not known)"))) — retrying with fresh session in 60s...
/Users/evanjohnson/Documents/personal/NBA_Statistics/NBA_Statistics/Scraper_Master.py:25: UserWarning: Invalid URL: https://www.basketball-reference.com/players/h/hinsobl01/gamelog/2026/
  warnings.warn("Invalid URL: " + url)
Blake Hinson Complete
Bez Mbeng Complete
Walker Kessler Complete
Kennedy Chandler Complete
Jaren Jackson Complete
Taking a long break...
Request failed (ConnectionError: ('Connection aborted.', ConnectionResetError(54, 'Connection reset by peer'))) — retrying with fresh session in 60s...
/Users/evanjohnson/Documents/personal/NBA_Statistics/NBA_Statistics/Scraper_Master.py:25: UserWarning: Invalid URL: https://www.basketball-reference.com/players/b/brownbr01/gamelog/2026/
  warnings.warn("Invalid URL: " + url)
Bruce Brown Complete
Tim Hardaway Complete
Request failed (ReadTimeout: HTTPSConnectionPool(host='www.basketball-reference.com', port=443): Read timed out. (read timeout=30)) — retrying with fresh session in 60s...
/Users/evanjohnson/Documents/personal/NBA_Statistics/NBA_Statistics/Scraper_Master.py:25: UserWarning: Invalid URL: https://www.basketball-reference.com/players/m/murraja01/gamelog/2026/
  warnings.warn("Invalid URL: " + url)
Retry also failed (ConnectionError: HTTPSConnectionPool(host='www.basketball-reference.com', port=443): Max retries exceeded with url: /players/m/murraja01/gamelog/2026/ (Caused by NameResolutionError("<urllib3.connection.HTTPSConnection object at 0x10b289e50>: Failed to resolve 'www.basketball-reference.com' ([Errno 8] nodename nor servname provided, or not known)")))
Jamal Murray has no games found
Request failed (ConnectionError: HTTPSConnectionPool(host='www.basketball-reference.com', port=443): Max retries exceeded with url: /players/j/jonessp01/gamelog/2026/ (Caused by NameResolutionError("<urllib3.connection.HTTPSConnection object at 0x10b28a490>: Failed to resolve 'www.basketball-reference.com' ([Errno 8] nodename nor servname provided, or not known)"))) — retrying with fresh session in 60s...
/Users/evanjohnson/Documents/personal/NBA_Statistics/NBA_Statistics/Scraper_Master.py:25: UserWarning: Invalid URL: https://www.basketball-reference.com/players/j/jonessp01/gamelog/2026/
  warnings.warn("Invalid URL: " + url)
Retry also failed (ConnectionError: HTTPSConnectionPool(host='www.basketball-reference.com', port=443): Max retries exceeded with url: /players/j/jonessp01/gamelog/2026/ (Caused by NameResolutionError("<urllib3.connection.HTTPSConnection object at 0x10b28a850>: Failed to resolve 'www.basketball-reference.com' ([Errno 8] nodename nor servname provided, or not known)")))
Spencer Jones has no games found
Request failed (ConnectionError: HTTPSConnectionPool(host='www.basketball-reference.com', port=443): Max retries exceeded with url: /players/j/jokicni01/gamelog/2026/ (Caused by NameResolutionError("<urllib3.connection.HTTPSConnection object at 0x10b28b250>: Failed to resolve 'www.basketball-reference.com' ([Errno 8] nodename nor servname provided, or not known)"))) — retrying with fresh session in 60s...
/Users/evanjohnson/Documents/personal/NBA_Statistics/NBA_Statistics/Scraper_Master.py:25: UserWarning: Invalid URL: https://www.basketball-reference.com/players/j/jokicni01/gamelog/2026/
  warnings.warn("Invalid URL: " + url)
Nikola Jokić Complete
Jonas Valančiūnas Complete
Request failed (ConnectionError: ('Connection aborted.', ConnectionResetError(54, 'Connection reset by peer'))) — retrying with fresh session in 60s...
/Users/evanjohnson/Documents/personal/NBA_Statistics/NBA_Statistics/Scraper_Master.py:25: UserWarning: Invalid URL: https://www.basketball-reference.com/players/w/watsope01/gamelog/2026/
  warnings.warn("Invalid URL: " + url)
Peyton Watson Complete
Julian Strawther Complete
Cameron Johnson Complete
Zeke Nnaji Complete
Jalen Pickett Complete
Christian Braun Complete
Aaron Gordon Complete
DaRon Holmes Complete
Tyus Jones Complete
Curtis Jones Complete
KJ Simpson Complete
David Roddy Complete
Bub Carrington Complete
Will Riley Complete
Justin Champagnie Complete
Tre Johnson Complete
Bilal Coulibaly Complete
Taking a long break...
Request failed (ConnectionError: ('Connection aborted.', ConnectionResetError(54, 'Connection reset by peer'))) — retrying with fresh session in 60s...
/Users/evanjohnson/Documents/personal/NBA_Statistics/NBA_Statistics/Scraper_Master.py:25: UserWarning: Invalid URL: https://www.basketball-reference.com/players/s/sarral01/gamelog/2026/
  warnings.warn("Invalid URL: " + url)
Alex Sarr Complete
Kyshawn George Complete
Tristan Vukcevic Complete
Anthony Gill Complete
Jamir Watkins Complete
Sharife Cooper Complete
Cam Whitmore Complete
Jaden Hardy Complete
Julian Reese Complete
Trae Young Complete
D'Angelo Russell Complete
Anthony Davis Complete
Brandin Podziemski Complete
Quinten Post Complete
Gary Payton Complete
Will Richard Complete
Gui Santos Complete
Draymond Green Complete
Moses Moody Complete
Pat Spencer Complete
Al Horford Complete
Taking a long break...
De'Anthony Melton Complete
Stephen Curry Complete
Jimmy Butler Complete
Malevy Leons Complete
LJ Cryer Complete
Kristaps Porziņģis Complete
Nate Williams Complete
Omer Yurtseven Complete
Seth Curry Complete
Kris Dunn Complete
Nicolas Batum Complete
Brook Lopez Complete
John Collins Complete
Kobe Sanders Complete
Kawhi Leonard Complete
Jordan Miller Complete
Cam Christie Complete
Derrick Jones Complete
Yanic Konan Complete
Bogdan Bogdanović Complete
Bennedict Mathurin Complete
Taking a long break...
Isaiah Jackson Complete
Darius Garland Complete
TyTy Washington Complete
Bradley Beal Complete
Sean Pedulla Complete
Norchad Omier Complete
Jay Huff Complete
Jarace Walker Complete
Ben Sheppard Complete
Pascal Siakam Complete
Andrew Nembhard Complete
T.J. McConnell Complete
Aaron Nesmith Complete
Quenton Jackson Complete
Micah Potter Complete
Johnny Furphy Complete
Taelon Peter Complete
Kam Jones Complete
Ethan Thompson Complete
Kobe Brown Complete
Obi Toppin Complete
Taking a long break...
Jalen Slawson Complete
Ivica Zubac Complete
Tyrese Haliburton Complete
Nic Claxton Complete
Noah Clowney Complete
Day'Ron Sharpe Complete
Terance Mann Complete
Danny Wolf Complete
Drake Powell Complete
Ziaire Williams Complete
Michael Porter Complete
Egor Dёmin Complete
Nolan Traoré Complete
Jalen Wilson Complete
Ben Saraf Complete
E.J. Liddell Complete
Ochai Agbaji Complete
Tyson Etienne Complete
Josh Minott Complete
Chaney Johnson Complete
Malachi Smith Complete
Taking a long break...
Jake LaRavia Complete
Deandre Ayton Complete
Luka Dončić Complete
Jaxson Hayes Complete
Rui Hachimura Complete
Marcus Smart Complete
Jarred Vanderbilt Complete
LeBron James Complete
Austin Reaves Complete
Dalton Knecht Complete
Maxi Kleber Complete
Bronny James Complete
Nick Smith Complete
Luke Kennard Complete
Drew Timme Complete
Adou Thiero Complete
Kobe Bufkin Complete
Chris Mañon Complete
Reed Sheppard Complete
Amen Thompson Complete
Kevin Durant Complete
Taking a long break...
Jabari Smith Complete
Josh Okogie Complete
Clint Capela Complete
Alperen Şengün Complete
Tari Eason Complete
Aaron Holiday Complete
Jae'Sean Tate Complete
Dorian Finney-Smith Complete
Steven Adams Complete
Jeff Green Complete
JD Davison Complete
Isaiah Crawford Complete
Fred VanVleet Complete
Tristen Newton Complete
Jaylen Wells Complete
Cam Spencer Complete
Cedric Coward Complete
Kentavious Caldwell-Pope Complete
GG Jackson Complete
Olivier-Maxence Prosper Complete
Santi Aldama Complete
Taking a long break...
Javon Small Complete
Jahmai Mashack Complete
Taylor Hendricks Complete
Ja Morant Complete
Walter Clayton Complete
Ty Jerome Complete
Zach Edey Complete
Rayan Rupert Complete
Scotty Pippen Complete
Tyler Burton Complete
DeJon Jarreau Complete
Taj Gibson Complete
Brandon Clarke Complete
Matas Buzelis Complete
Patrick Williams Complete
Isaac Okoro Complete
Tre Jones Complete
Request failed (ReadTimeout: HTTPSConnectionPool(host='www.basketball-reference.com', port=443): Read timed out. (read timeout=30)) — retrying with fresh session in 60s...
/Users/evanjohnson/Documents/personal/NBA_Statistics/NBA_Statistics/Scraper_Master.py:25: UserWarning: Invalid URL: https://www.basketball-reference.com/players/s/smithja04/gamelog/2026/
  warnings.warn("Invalid URL: " + url)
Jalen Smith Complete
Josh Giddey Complete
Lachlan Olbrich Complete
Rob Dillingham Complete
Taking a long break...
Request failed (ReadTimeout: HTTPSConnectionPool(host='www.basketball-reference.com', port=443): Read timed out. (read timeout=30)) — retrying with fresh session in 60s...
/Users/evanjohnson/Documents/personal/NBA_Statistics/NBA_Statistics/Scraper_Master.py:25: UserWarning: Invalid URL: https://www.basketball-reference.com/players/y/yabusgu01/gamelog/2026/
  warnings.warn("Invalid URL: " + url)
Guerschon Yabusele Complete
Nick Richards Complete
Leonard Miller Complete
Collin Sexton Complete
Yuki Kawamura Complete
Zach Collins Complete
Anfernee Simons Complete
Jaden Ivey Complete
Noa Essengue Complete
Mac McClung Complete
Cason Wallace Complete
Isaiah Joe Complete
Chet Holmgren Complete
Shai Gilgeous-Alexander Complete
Luguentz Dort Complete
Jaylin Williams Complete
Request failed (ConnectionError: ('Connection aborted.', ConnectionResetError(54, 'Connection reset by peer'))) — retrying with fresh session in 60s...
/Users/evanjohnson/Documents/personal/NBA_Statistics/NBA_Statistics/Scraper_Master.py:25: UserWarning: Invalid URL: https://www.basketball-reference.com/players/w/wiggiaa01/gamelog/2026/
  warnings.warn("Invalid URL: " + url)
Aaron Wiggins Complete
Ajay Mitchell Complete
Alex Caruso Complete
Kenrich Williams Complete
Isaiah Hartenstein Complete
Taking a long break...
Branden Carlson Complete
Brooks Barnhizer Complete
Jalen Williams Complete
Jared McCain Complete
Nikola Topić Complete
Payton Sandfort Complete
Thomas Sorber Complete
Naji Marshall Complete
Max Christie Complete
Klay Thompson Complete
Cooper Flagg Complete
Brandon Williams Complete
Caleb Martin Complete
P.J. Washington Complete
Dwight Powell Complete
Ryan Nembhard Complete
Daniel Gafford Complete
Moussa Cisse Complete
Khris Middleton Complete
Marvin Bagley Complete
AJ Johnson Complete
Taking a long break...
Dereck Lively Complete
John Poulakidas Complete
Tyler Smith Complete
Kyrie Irving Complete
Toumani Camara Complete
Donovan Clingan Complete
Sidy Cissoko Complete
Deni Avdija Complete
Jerami Grant Complete
Robert Williams Complete
Kris Murray Complete
Shaedon Sharpe Complete
Jrue Holiday Complete
Caleb Love Complete
Yang Hansen Complete
Blake Wesley Complete
Scoot Henderson Complete
Matisse Thybulle Complete
Vít Krejčí Complete
Jayson Kent Complete
Chris Youngblood Complete
Taking a long break...
Damian Lillard Complete
Jeremiah Fears Complete
Derik Queen Complete
Saddiq Bey Complete
Trey Murphy Complete
Yves Missi Complete
Karlo Matković Complete
Zion Williamson Complete
Micah Peavy Complete
Herbert Jones Complete
Jordan Hawkins Complete
Bryce McGowens Complete
Jordan Poole Complete
Kevon Looney Complete
Dejounte Murray Complete
DeAndre Jordan Complete
Trey Alexander Complete
Hunter Dickinson Complete
Josh Oduro Complete
Jamal Shead Complete
Scottie Barnes Complete
Taking a long break...
Sandro Mamukelashvili Complete
Brandon Ingram Complete
Gradey Dick Complete
Immanuel Quickley Complete
Ja'Kobe Walter Complete
Jamison Battle Complete
Collin Murray-Boyles Complete
RJ Barrett Complete
Jakob Poeltl Complete
Jonathan Mogbo Complete
Garrett Temple Complete
Alijah Martin Complete
A.J. Lawson Complete
Trayce Jackson-Davis Complete
Markelle Fultz Complete
Chucky Hepburn Complete
Player statistics have been updated for 2026-03-28
[master fbe4765] Daily stats update: 2026-03-29
 258 files changed, 1078 insertions(+), 95 deletions(-)
 create mode 100644 NBA_Statistics/2026_player_data/Kennedy Chandler.csv
 create mode 100644 NBA_Statistics/2026_player_data/Markelle Fultz.csv
To https://github.com/Evan-Johnson/NBA_Statistics.git
   e386eba..fbe4765  master -> master
Done.
