=== NBA Daily Run: Thu Mar 19 09:00:05 MDT 2026 ===
19
Yesterday was: 2026-03-18
https://www.basketball-reference.com/boxscores/?month=3&day=18&year=2026
Daily teams were received and saved.
GSW
BOS
OKC
BRK
TOR
CHI
ATL
DAL
LAL
HOU
POR
IND
DEN
MEM
UTA
MIN
LAC
NOP
Player reference was updated.
Beginning player scraping...
Brandin Podziemski Complete
Quinten Post Complete
Gary Payton Complete
Moses Moody Complete
Will Richard Complete
Gui Santos Complete
Draymond Green Complete
Pat Spencer Complete
Al Horford Complete
Stephen Curry Complete
Jimmy Butler Complete
De'Anthony Melton Complete
Malevy Leons Complete
LJ Cryer Complete
Nate Williams Complete
Kristaps Porziņģis Complete
Seth Curry Complete
Omer Yurtseven Complete
Payton Pritchard Complete
Derrick White Complete
Sam Hauser Complete
Taking a long break...
Request failed (ReadTimeout: HTTPSConnectionPool(host='www.basketball-reference.com', port=443): Read timed out. (read timeout=30)) — retrying with fresh session in 60s...
/Users/evanjohnson/Documents/personal/NBA_Statistics/NBA_Statistics/Scraper_Master.py:25: UserWarning: Invalid URL: https://www.basketball-reference.com/players/q/quetane01/gamelog/2026/
  warnings.warn("Invalid URL: " + url)
Neemias Queta Complete
Baylor Scheierman Complete
Hugo González Complete
Jaylen Brown Complete
Luka Garza Complete
Jordan Walsh Complete
Ron Harper Complete
Amari Williams Complete
Nikola Vučević Complete
Jayson Tatum Complete
Max Shulga Complete
John Tonje Complete
Charles Bassey Complete
Cason Wallace Complete
Isaiah Joe Complete
Chet Holmgren Complete
Shai Gilgeous-Alexander Complete
Luguentz Dort Complete
Aaron Wiggins Complete
Jaylin Williams Complete
Ajay Mitchell Complete
Taking a long break...
Alex Caruso Complete
Kenrich Williams Complete
Isaiah Hartenstein Complete
Branden Carlson Complete
Brooks Barnhizer Complete
Jalen Williams Complete
Jared McCain Complete
Nikola Topić Complete
Payton Sandfort Complete
Thomas Sorber Complete
Noah Clowney Complete
Nic Claxton Complete
Day'Ron Sharpe Complete
Terance Mann Complete
Danny Wolf Complete
Michael Porter Complete
Egor Dёmin Complete
Drake Powell Complete
Ziaire Williams Complete
Nolan Traoré Complete
Jalen Wilson Complete
Taking a long break...
Ben Saraf Complete
E.J. Liddell Complete
Tyson Etienne Complete
Ochai Agbaji Complete
Josh Minott Complete
Chaney Johnson Complete
Malachi Smith Complete
Jamal Shead Complete
Brandon Ingram Complete
Scottie Barnes Complete
Sandro Mamukelashvili Complete
Immanuel Quickley Complete
Gradey Dick Complete
Ja'Kobe Walter Complete
Jamison Battle Complete
Collin Murray-Boyles Complete
Request failed (ConnectionError: ('Connection aborted.', ConnectionResetError(54, 'Connection reset by peer'))) — retrying with fresh session in 60s...
/Users/evanjohnson/Documents/personal/NBA_Statistics/NBA_Statistics/Scraper_Master.py:25: UserWarning: Invalid URL: https://www.basketball-reference.com/players/b/barrerj01/gamelog/2026/
  warnings.warn("Invalid URL: " + url)
RJ Barrett Complete
Jakob Poeltl Complete
Jonathan Mogbo Complete
Garrett Temple Complete
Alijah Martin Complete
Taking a long break...
A.J. Lawson Complete
Trayce Jackson-Davis Complete
Chucky Hepburn Complete
Matas Buzelis Complete
Patrick Williams Complete
Isaac Okoro Complete
Tre Jones Complete
Jalen Smith Complete
Josh Giddey Complete
Lachlan Olbrich Complete
Guerschon Yabusele Complete
Nick Richards Complete
Rob Dillingham Complete
Leonard Miller Complete
Collin Sexton Complete
Yuki Kawamura Complete
Zach Collins Complete
Anfernee Simons Complete
Jaden Ivey Complete
Noa Essengue Complete
Mac McClung Complete
Taking a long break...
Nickeil Alexander-Walker Complete
Dyson Daniels Complete
Mouhamed Gueye Complete
Onyeka Okongwu Complete
Jalen Johnson Complete
Zaccharie Risacher Complete
Keaton Wallace Complete
Asa Newell Complete
CJ McCollum Complete
Corey Kispert Complete
Jock Landale Complete
Caleb Houstan Complete
Gabe Vincent Complete
Christian Koloko Complete
Jonathan Kuminga Complete
Buddy Hield Complete
RayJ Dennis Complete
Keshon Gilbert Complete
Naji Marshall Complete
Max Christie Complete
Brandon Williams Complete
Taking a long break...
Klay Thompson Complete
Cooper Flagg Complete
Caleb Martin Complete
Dwight Powell Complete
P.J. Washington Complete
Daniel Gafford Complete
Ryan Nembhard Complete
Moussa Cisse Complete
Khris Middleton Complete
AJ Johnson Complete
Marvin Bagley Complete
Dereck Lively Complete
John Poulakidas Complete
Tyler Smith Complete
Kyrie Irving Complete
Jake LaRavia Complete
Deandre Ayton Complete
Marcus Smart Complete
Luka Dončić Complete
Rui Hachimura Complete
Jaxson Hayes Complete
Taking a long break...
Jarred Vanderbilt Complete
LeBron James Complete
Dalton Knecht Complete
Austin Reaves Complete
Maxi Kleber Complete
Bronny James Complete
Nick Smith Complete
Drew Timme Complete
Luke Kennard Complete
Adou Thiero Complete
Kobe Bufkin Complete
Chris Mañon Complete
Reed Sheppard Complete
Amen Thompson Complete
Kevin Durant Complete
Josh Okogie Complete
Jabari Smith Complete
Clint Capela Complete
Alperen Şengün Complete
Tari Eason Complete
Aaron Holiday Complete
Taking a long break...
Jae'Sean Tate Complete
Steven Adams Complete
Dorian Finney-Smith Complete
Jeff Green Complete
JD Davison Complete
Isaiah Crawford Complete
Fred VanVleet Complete
Tristen Newton Complete
Toumani Camara Complete
Donovan Clingan Complete
Sidy Cissoko Complete
Deni Avdija Complete
Jerami Grant Complete
Shaedon Sharpe Complete
Robert Williams Complete
Caleb Love Complete
Kris Murray Complete
Jrue Holiday Complete
Yang Hansen Complete
Blake Wesley Complete
Scoot Henderson Complete
Taking a long break...
Vít Krejčí Complete
Matisse Thybulle Complete
Jayson Kent Complete
Damian Lillard Complete
Chris Youngblood Complete
Jay Huff Complete
Jarace Walker Complete
Ben Sheppard Complete
Pascal Siakam Complete
Andrew Nembhard Complete
T.J. McConnell Complete
Aaron Nesmith Complete
Quenton Jackson Complete
Micah Potter Complete
Johnny Furphy Complete
Taelon Peter Complete
Kam Jones Complete
Ethan Thompson Complete
Kobe Brown Complete
Obi Toppin Complete
Ivica Zubac Complete
Taking a long break...
Jalen Slawson Complete
Tyrese Haliburton Complete
Bruce Brown Complete
Tim Hardaway Complete
Jamal Murray Complete
Jonas Valančiūnas Complete
Spencer Jones Complete
Nikola Jokić Complete
Peyton Watson Complete
Zeke Nnaji Complete
Julian Strawther Complete
Cameron Johnson Complete
Jalen Pickett Complete
Christian Braun Complete
Aaron Gordon Complete
DaRon Holmes Complete
Curtis Jones Complete
Tyus Jones Complete
KJ Simpson Complete
David Roddy Complete
Jaylen Wells Complete
Taking a long break...
Cam Spencer Complete
Cedric Coward Complete
Kentavious Caldwell-Pope Complete
GG Jackson Complete
Olivier-Maxence Prosper Complete
Santi Aldama Complete
Javon Small Complete
Jahmai Mashack Complete
Ja Morant Complete
Taylor Hendricks Complete
Ty Jerome Complete
Walter Clayton Complete
Zach Edey Complete
Scotty Pippen Complete
Rayan Rupert Complete
Tyler Burton Complete
DeJon Jarreau Complete
Taj Gibson Complete
Brandon Clarke Complete
Kyle Filipowski Complete
Brice Sensabaugh Complete
Taking a long break...
Ace Bailey Complete
Isaiah Collier Complete
Cody Williams Complete
Keyonte George Complete
Svi Mykhailiuk Complete
Lauri Markkanen Complete
Jusuf Nurkić Complete
Kevin Love Complete
Elijah Harkless Complete
Oscar Tshiebwe Complete
John Konchar Complete
Blake Hinson Complete
Walker Kessler Complete
Andersson Garcia Complete
Jaren Jackson Complete
Bez Mbeng Complete
Julius Randle Complete
Donte DiVincenzo Complete
Jaden McDaniels Complete
Naz Reid Complete
Rudy Gobert Complete
Taking a long break...
Bones Hyland Complete
Jaylen Clark Complete
Anthony Edwards Complete
Mike Conley Complete
Joan Beringer Complete
Terrence Shannon Complete
Joe Ingles Complete
Ayo Dosunmu Complete
Julian Phillips Complete
Rocco Zikarsky Complete
Enrique Freeman Complete
Zyon Pullin Complete
Kris Dunn Complete
Nicolas Batum Complete
Brook Lopez Complete
John Collins Complete
Kobe Sanders Complete
Kawhi Leonard Complete
Jordan Miller Complete
Cam Christie Complete
Yanic Konan Complete
Taking a long break...
Derrick Jones Complete
Bogdan Bogdanović Complete
Bennedict Mathurin Complete
Isaiah Jackson Complete
TyTy Washington Complete
Darius Garland Complete
Bradley Beal Complete
Norchad Omier Complete
Sean Pedulla Complete
Jeremiah Fears Complete
Derik Queen Complete
Saddiq Bey Complete
Trey Murphy Complete
Yves Missi Complete
Karlo Matković Complete
Zion Williamson Complete
Micah Peavy Complete
Herbert Jones Complete
Jordan Hawkins Complete
Bryce McGowens Complete
Jordan Poole Complete
Taking a long break...
Kevon Looney Complete
DeAndre Jordan Complete
Dejounte Murray Complete
Trey Alexander Complete
Hunter Dickinson Complete
Josh Oduro Complete
Player statistics have been updated for 2026-03-18
[master 4e7f940] Daily stats update: 2026-03-19
 205 files changed, 513 insertions(+), 266 deletions(-)
 create mode 100644 NBA_Statistics/2026_player_data/Bez Mbeng.csv
 create mode 100644 NBA_Statistics/2026_player_data/Omer Yurtseven.csv
To https://github.com/Evan-Johnson/NBA_Statistics.git
   d6f948d..4e7f940  master -> master
Done.
