=== NBA Daily Run: Tue Mar 31 09:00:00 MDT 2026 ===
31
Yesterday was: 2026-03-30
https://www.basketball-reference.com/boxscores/?month=3&day=30&year=2026
Daily teams were received and saved.
BOS
ATL
MIN
DAL
WAS
LAL
PHO
Request failed (ConnectionError: ('Connection aborted.', ConnectionResetError(54, 'Connection reset by peer'))) — retrying with fresh session in 60s...
/Users/evanjohnson/Documents/personal/NBA_Statistics/NBA_Statistics/Scraper_Master.py:25: UserWarning: Invalid URL: https://www.basketball-reference.com/teams/PHO/2026.html
  warnings.warn("Invalid URL: " + url)
MEM
PHI
MIA
DET
OKC
CHI
SAS
CLE
UTA
Player reference was updated.
Beginning player scraping...
Payton Pritchard Complete
Sam Hauser Complete
Derrick White Complete
Neemias Queta Complete
Baylor Scheierman Complete
Hugo González Complete
Jaylen Brown Complete
Luka Garza Complete
Jordan Walsh Complete
Ron Harper Complete
Amari Williams Complete
Nikola Vučević Complete
Jayson Tatum Complete
Max Shulga Complete
John Tonje Complete
Request failed (ConnectionError: ('Connection aborted.', ConnectionResetError(54, 'Connection reset by peer'))) — retrying with fresh session in 60s...
/Users/evanjohnson/Documents/personal/NBA_Statistics/NBA_Statistics/Scraper_Master.py:25: UserWarning: Invalid URL: https://www.basketball-reference.com/players/b/bassech01/gamelog/2026/
  warnings.warn("Invalid URL: " + url)
Charles Bassey Complete
Nickeil Alexander-Walker Complete
Mouhamed Gueye Complete
Dyson Daniels Complete
Onyeka Okongwu Complete
Jalen Johnson Complete
Taking a long break...
Zaccharie Risacher Complete
Keaton Wallace Complete
Asa Newell Complete
CJ McCollum Complete
Corey Kispert Complete
Jock Landale Complete
Gabe Vincent Complete
Caleb Houstan Complete
Christian Koloko Complete
Jonathan Kuminga Complete
Buddy Hield Complete
RayJ Dennis Complete
Keshon Gilbert Complete
Julius Randle Complete
Donte DiVincenzo Complete
Naz Reid Complete
Rudy Gobert Complete
Jaden McDaniels Complete
Bones Hyland Complete
Jaylen Clark Complete
Anthony Edwards Complete
Taking a long break...
Mike Conley Complete
Terrence Shannon Complete
Joan Beringer Complete
Joe Ingles Complete
Ayo Dosunmu Complete
Kyle Anderson Complete
Julian Phillips Complete
Rocco Zikarsky Complete
Zyon Pullin Complete
Enrique Freeman Complete
Naji Marshall Complete
Max Christie Complete
Klay Thompson Complete
Cooper Flagg Complete
Brandon Williams Complete
Caleb Martin Complete
Dwight Powell Complete
P.J. Washington Complete
Ryan Nembhard Complete
Daniel Gafford Complete
Moussa Cisse Complete
Taking a long break...
Khris Middleton Complete
Marvin Bagley Complete
AJ Johnson Complete
Dereck Lively Complete
John Poulakidas Complete
Tyler Smith Complete
Kyrie Irving Complete
Bub Carrington Complete
Will Riley Complete
Justin Champagnie Complete
Tre Johnson Complete
Bilal Coulibaly Complete
Alex Sarr Complete
Kyshawn George Complete
Tristan Vukcevic Complete
Anthony Gill Complete
Jamir Watkins Complete
Sharife Cooper Complete
Cam Whitmore Complete
Jaden Hardy Complete
Julian Reese Complete
Taking a long break...
Trae Young Complete
D'Angelo Russell Complete
Anthony Davis Complete
Jake LaRavia Complete
Deandre Ayton Complete
Jaxson Hayes Complete
Luka Dončić Complete
Rui Hachimura Complete
Marcus Smart Complete
Jarred Vanderbilt Complete
LeBron James Complete
Austin Reaves Complete
Dalton Knecht Complete
Maxi Kleber Complete
Bronny James Complete
Luke Kennard Complete
Nick Smith Complete
Drew Timme Complete
Adou Thiero Complete
Kobe Bufkin Complete
Chris Mañon Complete
Taking a long break...
Oso Ighodaro Complete
Collin Gillespie Complete
Royce O'Neale Complete
Jordan Goodwin Complete
Ryan Dunn Complete
Devin Booker Complete
Mark Williams Complete
Dillon Brooks Complete
Rasheer Fleming Complete
Grayson Allen Complete
Jamaree Bouyea Complete
Khaman Maluach Complete
Isaiah Livers Complete
Jalen Green Complete
Amir Coffey Complete
Koby Brea Complete
Haywood Highsmith Complete
CJ Huntley Complete
Cam Spencer Complete
Jaylen Wells Complete
Cedric Coward Complete
Taking a long break...
GG Jackson Complete
Kentavious Caldwell-Pope Complete
Olivier-Maxence Prosper Complete
Santi Aldama Complete
Javon Small Complete
Jahmai Mashack Complete
Taylor Hendricks Complete
Ja Morant Complete
Walter Clayton Complete
Ty Jerome Complete
Rayan Rupert Complete
Zach Edey Complete
Tyler Burton Complete
Scotty Pippen Complete
DeJon Jarreau Complete
Taj Gibson Complete
Brandon Clarke Complete
VJ Edgecombe Complete
Quentin Grimes Complete
Adem Bona Complete
Dominick Barlow Complete
Taking a long break...
Tyrese Maxey Complete
Jabari Walker Complete
Justin Edwards Complete
Andre Drummond Complete
Trendon Watford Complete
Kelly Oubre Complete
Joel Embiid Complete
Paul George Complete
Cameron Payne Complete
Dalen Terry Complete
Kyle Lowry Complete
MarJon Beauchamp Complete
Johni Broome Complete
Tyrese Martin Complete
Kel'el Ware Complete
Jaime Jaquez Complete
Dru Smith Complete
Bam Adebayo Complete
Simone Fontecchio Complete
Pelle Larsson Complete
Davion Mitchell Complete
Taking a long break...
Andrew Wiggins Complete
Norman Powell Complete
Kasparas Jakučionis Complete
Nikola Jović Complete
Myron Gardner Complete
Tyler Herro Complete
Keshad Johnson Complete
Jahmir Young Complete
Vladislav Goldin Complete
Trevor Keels Complete
Terry Rozier Complete
Javonte Green Complete
Duncan Robinson Complete
Ron Holland Complete
Ausar Thompson Complete
Daniss Jenkins Complete
 44   53 2026-02-11 DET @ TOR W, 113-95 Suspended 
 44   53 2026-02-11 DET @ TOR W, 113-95 Suspended 
 44   53 2026-02-11 DET @ TOR W, 113-95 Suspended 
 44   53 2026-02-11 DET @ TOR W, 113-95 Suspended 
 44   53 2026-02-11 DET @ TOR W, 113-95 Suspended 
 44   53 2026-02-11 DET @ TOR W, 113-95 Suspended 
 44   53 2026-02-11 DET @ TOR W, 113-95 Suspended 
 44   53 2026-02-11 DET @ TOR W, 113-95 Suspended 
 44   53 2026-02-11 DET @ TOR W, 113-95 Suspended 
 44   53 2026-02-11 DET @ TOR W, 113-95 Suspended 
 44   53 2026-02-11 DET @ TOR W, 113-95 Suspended 
 44   53 2026-02-11 DET @ TOR W, 113-95 Suspended 
 44   53 2026-02-11 DET @ TOR W, 113-95 Suspended 
 44   53 2026-02-11 DET @ TOR W, 113-95 Suspended 
 44   53 2026-02-11 DET @ TOR W, 113-95 Suspended 
 44   53 2026-02-11 DET @ TOR W, 113-95 Suspended 
 44   54 2026-02-19 DET @ NYK W, 126-111 Suspended 
 44   54 2026-02-19 DET @ NYK W, 126-111 Suspended 
 44   54 2026-02-19 DET @ NYK W, 126-111 Suspended 
 44   54 2026-02-19 DET @ NYK W, 126-111 Suspended 
 44   54 2026-02-19 DET @ NYK W, 126-111 Suspended 
 44   54 2026-02-19 DET @ NYK W, 126-111 Suspended 
 44   54 2026-02-19 DET @ NYK W, 126-111 Suspended 
 44   54 2026-02-19 DET @ NYK W, 126-111 Suspended 
 44   54 2026-02-19 DET @ NYK W, 126-111 Suspended 
 44   54 2026-02-19 DET @ NYK W, 126-111 Suspended 
 44   54 2026-02-19 DET @ NYK W, 126-111 Suspended 
 44   54 2026-02-19 DET @ NYK W, 126-111 Suspended 
 44   54 2026-02-19 DET @ NYK W, 126-111 Suspended 
 44   54 2026-02-19 DET @ NYK W, 126-111 Suspended 
 44   54 2026-02-19 DET @ NYK W, 126-111 Suspended 
 44   54 2026-02-19 DET @ NYK W, 126-111 Suspended 
Jalen Duren Complete
Cade Cunningham Complete
Paul Reed Complete
Tobias Harris Complete
 48   53 2026-02-11 DET @ TOR W, 113-95 Suspended 
 48   53 2026-02-11 DET @ TOR W, 113-95 Suspended 
 48   53 2026-02-11 DET @ TOR W, 113-95 Suspended 
 48   53 2026-02-11 DET @ TOR W, 113-95 Suspended 
 48   53 2026-02-11 DET @ TOR W, 113-95 Suspended 
 48   53 2026-02-11 DET @ TOR W, 113-95 Suspended 
 48   53 2026-02-11 DET @ TOR W, 113-95 Suspended 
 48   53 2026-02-11 DET @ TOR W, 113-95 Suspended 
 48   53 2026-02-11 DET @ TOR W, 113-95 Suspended 
 48   53 2026-02-11 DET @ TOR W, 113-95 Suspended 
 48   53 2026-02-11 DET @ TOR W, 113-95 Suspended 
 48   53 2026-02-11 DET @ TOR W, 113-95 Suspended 
 48   53 2026-02-11 DET @ TOR W, 113-95 Suspended 
 48   53 2026-02-11 DET @ TOR W, 113-95 Suspended 
 48   53 2026-02-11 DET @ TOR W, 113-95 Suspended 
 48   53 2026-02-11 DET @ TOR W, 113-95 Suspended 
 48   54 2026-02-19 DET @ NYK W, 126-111 Suspended 
 48   54 2026-02-19 DET @ NYK W, 126-111 Suspended 
 48   54 2026-02-19 DET @ NYK W, 126-111 Suspended 
 48   54 2026-02-19 DET @ NYK W, 126-111 Suspended 
 48   54 2026-02-19 DET @ NYK W, 126-111 Suspended 
 48   54 2026-02-19 DET @ NYK W, 126-111 Suspended 
 48   54 2026-02-19 DET @ NYK W, 126-111 Suspended 
 48   54 2026-02-19 DET @ NYK W, 126-111 Suspended 
 48   54 2026-02-19 DET @ NYK W, 126-111 Suspended 
 48   54 2026-02-19 DET @ NYK W, 126-111 Suspended 
 48   54 2026-02-19 DET @ NYK W, 126-111 Suspended 
 48   54 2026-02-19 DET @ NYK W, 126-111 Suspended 
 48   54 2026-02-19 DET @ NYK W, 126-111 Suspended 
 48   54 2026-02-19 DET @ NYK W, 126-111 Suspended 
 48   54 2026-02-19 DET @ NYK W, 126-111 Suspended 
 48   54 2026-02-19 DET @ NYK W, 126-111 Suspended 
 48   56 2026-02-23 DET   SAS L, 103-114 Suspended 
 48   56 2026-02-23 DET   SAS L, 103-114 Suspended 
 48   56 2026-02-23 DET   SAS L, 103-114 Suspended 
 48   56 2026-02-23 DET   SAS L, 103-114 Suspended 
 48   56 2026-02-23 DET   SAS L, 103-114 Suspended 
 48   56 2026-02-23 DET   SAS L, 103-114 Suspended 
 48   56 2026-02-23 DET   SAS L, 103-114 Suspended 
 48   56 2026-02-23 DET   SAS L, 103-114 Suspended 
 48   56 2026-02-23 DET   SAS L, 103-114 Suspended 
 48   56 2026-02-23 DET   SAS L, 103-114 Suspended 
 48   56 2026-02-23 DET   SAS L, 103-114 Suspended 
 48   56 2026-02-23 DET   SAS L, 103-114 Suspended 
 48   56 2026-02-23 DET   SAS L, 103-114 Suspended 
 48   56 2026-02-23 DET   SAS L, 103-114 Suspended 
 48   56 2026-02-23 DET   SAS L, 103-114 Suspended 
 48   56 2026-02-23 DET   SAS L, 103-114 Suspended 
 48   57 2026-02-25 DET   OKC W, 124-116 Suspended 
 48   57 2026-02-25 DET   OKC W, 124-116 Suspended 
 48   57 2026-02-25 DET   OKC W, 124-116 Suspended 
 48   57 2026-02-25 DET   OKC W, 124-116 Suspended 
 48   57 2026-02-25 DET   OKC W, 124-116 Suspended 
 48   57 2026-02-25 DET   OKC W, 124-116 Suspended 
 48   57 2026-02-25 DET   OKC W, 124-116 Suspended 
 48   57 2026-02-25 DET   OKC W, 124-116 Suspended 
 48   57 2026-02-25 DET   OKC W, 124-116 Suspended 
 48   57 2026-02-25 DET   OKC W, 124-116 Suspended 
 48   57 2026-02-25 DET   OKC W, 124-116 Suspended 
 48   57 2026-02-25 DET   OKC W, 124-116 Suspended 
 48   57 2026-02-25 DET   OKC W, 124-116 Suspended 
 48   57 2026-02-25 DET   OKC W, 124-116 Suspended 
 48   57 2026-02-25 DET   OKC W, 124-116 Suspended 
 48   57 2026-02-25 DET   OKC W, 124-116 Suspended 
 48   58 2026-02-27 DET   CLE W, 122-119 (OT) Suspended 
 48   58 2026-02-27 DET   CLE W, 122-119 (OT) Suspended 
 48   58 2026-02-27 DET   CLE W, 122-119 (OT) Suspended 
 48   58 2026-02-27 DET   CLE W, 122-119 (OT) Suspended 
 48   58 2026-02-27 DET   CLE W, 122-119 (OT) Suspended 
 48   58 2026-02-27 DET   CLE W, 122-119 (OT) Suspended 
 48   58 2026-02-27 DET   CLE W, 122-119 (OT) Suspended 
 48   58 2026-02-27 DET   CLE W, 122-119 (OT) Suspended 
 48   58 2026-02-27 DET   CLE W, 122-119 (OT) Suspended 
 48   58 2026-02-27 DET   CLE W, 122-119 (OT) Suspended 
 48   58 2026-02-27 DET   CLE W, 122-119 (OT) Suspended 
 48   58 2026-02-27 DET   CLE W, 122-119 (OT) Suspended 
 48   58 2026-02-27 DET   CLE W, 122-119 (OT) Suspended 
 48   58 2026-02-27 DET   CLE W, 122-119 (OT) Suspended 
 48   58 2026-02-27 DET   CLE W, 122-119 (OT) Suspended 
 48   58 2026-02-27 DET   CLE W, 122-119 (OT) Suspended 
 48   59 2026-03-01 DET @ ORL W, 106-92 Suspended 
 48   59 2026-03-01 DET @ ORL W, 106-92 Suspended 
 48   59 2026-03-01 DET @ ORL W, 106-92 Suspended 
 48   59 2026-03-01 DET @ ORL W, 106-92 Suspended 
 48   59 2026-03-01 DET @ ORL W, 106-92 Suspended 
 48   59 2026-03-01 DET @ ORL W, 106-92 Suspended 
 48   59 2026-03-01 DET @ ORL W, 106-92 Suspended 
 48   59 2026-03-01 DET @ ORL W, 106-92 Suspended 
 48   59 2026-03-01 DET @ ORL W, 106-92 Suspended 
 48   59 2026-03-01 DET @ ORL W, 106-92 Suspended 
 48   59 2026-03-01 DET @ ORL W, 106-92 Suspended 
 48   59 2026-03-01 DET @ ORL W, 106-92 Suspended 
 48   59 2026-03-01 DET @ ORL W, 106-92 Suspended 
 48   59 2026-03-01 DET @ ORL W, 106-92 Suspended 
 48   59 2026-03-01 DET @ ORL W, 106-92 Suspended 
 48   59 2026-03-01 DET @ ORL W, 106-92 Suspended 
Isaiah Stewart Complete
Taking a long break...
Caris LeVert Complete
Marcus Sasser Complete
Chaz Lanier Complete
Kevin Huerter Complete
Tolu Smith Complete
Bobi Klintman Complete
Wendell Moore Complete
Isaac Jones Complete
Cason Wallace Complete
Isaiah Joe Complete
Chet Holmgren Complete
Shai Gilgeous-Alexander Complete
Luguentz Dort Complete
Jaylin Williams Complete
Aaron Wiggins Complete
Ajay Mitchell Complete
Alex Caruso Complete
Kenrich Williams Complete
Isaiah Hartenstein Complete
Branden Carlson Complete
Brooks Barnhizer Complete
Taking a long break...
Jalen Williams Complete
Jared McCain Complete
Nikola Topić Complete
Payton Sandfort Complete
Thomas Sorber Complete
Matas Buzelis Complete
Patrick Williams Complete
Isaac Okoro Complete
Tre Jones Complete
Josh Giddey Complete
Jalen Smith Complete
Lachlan Olbrich Complete
Rob Dillingham Complete
Guerschon Yabusele Complete
Leonard Miller Complete
Nick Richards Complete
Request failed (ReadTimeout: HTTPSConnectionPool(host='www.basketball-reference.com', port=443): Read timed out. (read timeout=30)) — retrying with fresh session in 60s...
/Users/evanjohnson/Documents/personal/NBA_Statistics/NBA_Statistics/Scraper_Master.py:25: UserWarning: Invalid URL: https://www.basketball-reference.com/players/s/sextoco01/gamelog/2026/
  warnings.warn("Invalid URL: " + url)
Collin Sexton Complete
Yuki Kawamura Complete
Zach Collins Complete
Anfernee Simons Complete
Jaden Ivey Complete
Taking a long break...
Noa Essengue Complete
Mac McClung Complete
Keldon Johnson Complete
Julian Champagnie Complete
Harrison Barnes Complete
De'Aaron Fox Complete
Carter Bryant Complete
Stephon Castle Complete
Luke Kornet Complete
Dylan Harper Complete
Victor Wembanyama Complete
Devin Vassell Complete
Kelly Olynyk Complete
Jordan McLaughlin Complete
Lindy Waters Complete
Bismack Biyombo Complete
David Jones Complete
Harrison Ingram Complete
Mason Plumlee Complete
Emanuel Miller Complete
Donovan Mitchell Complete
Taking a long break...
Jaylon Tyson Complete
Evan Mobley Complete
Nae'Qwan Tomlin Complete
Craig Porter Complete
Thomas Bryant Complete
Dean Wade Complete
Jarrett Allen Complete
Sam Merrill Complete
Tyrese Proctor Complete
Larry Nance Complete
 31   39 2026-01-11 SAC   HOU W, 111-98 Suspended 
 31   39 2026-01-11 SAC   HOU W, 111-98 Suspended 
 31   39 2026-01-11 SAC   HOU W, 111-98 Suspended 
 31   39 2026-01-11 SAC   HOU W, 111-98 Suspended 
 31   39 2026-01-11 SAC   HOU W, 111-98 Suspended 
 31   39 2026-01-11 SAC   HOU W, 111-98 Suspended 
 31   39 2026-01-11 SAC   HOU W, 111-98 Suspended 
 31   39 2026-01-11 SAC   HOU W, 111-98 Suspended 
 31   39 2026-01-11 SAC   HOU W, 111-98 Suspended 
 31   39 2026-01-11 SAC   HOU W, 111-98 Suspended 
 31   39 2026-01-11 SAC   HOU W, 111-98 Suspended 
 31   39 2026-01-11 SAC   HOU W, 111-98 Suspended 
 31   39 2026-01-11 SAC   HOU W, 111-98 Suspended 
 31   39 2026-01-11 SAC   HOU W, 111-98 Suspended 
 31   39 2026-01-11 SAC   HOU W, 111-98 Suspended 
 31   39 2026-01-11 SAC   HOU W, 111-98 Suspended 
 31   40 2026-01-12 SAC   LAL W, 124-112 Suspended 
 31   40 2026-01-12 SAC   LAL W, 124-112 Suspended 
 31   40 2026-01-12 SAC   LAL W, 124-112 Suspended 
 31   40 2026-01-12 SAC   LAL W, 124-112 Suspended 
 31   40 2026-01-12 SAC   LAL W, 124-112 Suspended 
 31   40 2026-01-12 SAC   LAL W, 124-112 Suspended 
 31   40 2026-01-12 SAC   LAL W, 124-112 Suspended 
 31   40 2026-01-12 SAC   LAL W, 124-112 Suspended 
 31   40 2026-01-12 SAC   LAL W, 124-112 Suspended 
 31   40 2026-01-12 SAC   LAL W, 124-112 Suspended 
 31   40 2026-01-12 SAC   LAL W, 124-112 Suspended 
 31   40 2026-01-12 SAC   LAL W, 124-112 Suspended 
 31   40 2026-01-12 SAC   LAL W, 124-112 Suspended 
 31   40 2026-01-12 SAC   LAL W, 124-112 Suspended 
 31   40 2026-01-12 SAC   LAL W, 124-112 Suspended 
 31   40 2026-01-12 SAC   LAL W, 124-112 Suspended 
 31   41 2026-01-14 SAC   NYK W, 112-101 Suspended 
 31   41 2026-01-14 SAC   NYK W, 112-101 Suspended 
 31   41 2026-01-14 SAC   NYK W, 112-101 Suspended 
 31   41 2026-01-14 SAC   NYK W, 112-101 Suspended 
 31   41 2026-01-14 SAC   NYK W, 112-101 Suspended 
 31   41 2026-01-14 SAC   NYK W, 112-101 Suspended 
 31   41 2026-01-14 SAC   NYK W, 112-101 Suspended 
 31   41 2026-01-14 SAC   NYK W, 112-101 Suspended 
 31   41 2026-01-14 SAC   NYK W, 112-101 Suspended 
 31   41 2026-01-14 SAC   NYK W, 112-101 Suspended 
 31   41 2026-01-14 SAC   NYK W, 112-101 Suspended 
 31   41 2026-01-14 SAC   NYK W, 112-101 Suspended 
 31   41 2026-01-14 SAC   NYK W, 112-101 Suspended 
 31   41 2026-01-14 SAC   NYK W, 112-101 Suspended 
 31   41 2026-01-14 SAC   NYK W, 112-101 Suspended 
 31   41 2026-01-14 SAC   NYK W, 112-101 Suspended 
Dennis Schröder Complete
Keon Ellis Complete
James Harden Complete
Max Strus Complete
Tristan Enaruna Complete
Riley Minix Complete
Olivier Sarr Complete
Kyle Filipowski Complete
Brice Sensabaugh Complete
Ace Bailey Complete
Cody Williams Complete
Taking a long break...
Isaiah Collier Complete
Keyonte George Complete
Svi Mykhailiuk Complete
Lauri Markkanen Complete
Jusuf Nurkić Complete
Kevin Love Complete
Elijah Harkless Complete
Oscar Tshiebwe Complete
John Konchar Complete
Blake Hinson Complete
Bez Mbeng Complete
Kennedy Chandler Complete
Walker Kessler Complete
Jaren Jackson Complete
Player statistics have been updated for 2026-03-30
[master 733fc6f] Daily stats update: 2026-03-31
 173 files changed, 481 insertions(+), 282 deletions(-)
To https://github.com/Evan-Johnson/NBA_Statistics.git
   f1320fb..733fc6f  master -> master
Done.
