9
Yesterday was: 2026-03-08
https://www.basketball-reference.com/boxscores/index.fcgi?month=3&day=8&year=2026
Daily teams were received and saved.
BOS
CLE
NYK
LAL
DET
MIA
ORL
MIL
WAS
NOP
CHO
PHO
IND
POR
CHI
SAC
HOU
SAS
DAL
TOR
Player reference was updated.
Beginning player scraping...
Payton Pritchard Complete
Derrick White Complete
Sam Hauser Complete
Neemias Queta Complete
Baylor Scheierman Complete
Hugo González Complete
Jaylen Brown Complete
Jordan Walsh Complete
Luka Garza Complete
Ron Harper Complete
Amari Williams Complete
Nikola Vučević Complete
John Tonje Complete
Jayson Tatum Complete
Max Shulga Complete
Jaylon Tyson Complete
Donovan Mitchell Complete
Craig Porter Complete
Jarrett Allen Complete
Nae'Qwan Tomlin Complete
Evan Mobley Complete
Taking a long break...
Dean Wade Complete
Thomas Bryant Complete
Tyrese Proctor Complete
Sam Merrill Complete
Larry Nance Complete
 31   39 2026-01-11 SAC   HOU W, 111-98 Suspended 
 31   39 2026-01-11 SAC   HOU W, 111-98 Suspended 
 31   39 2026-01-11 SAC   HOU W, 111-98 Suspended 
 31   39 2026-01-11 SAC   HOU W, 111-98 Suspended 
 31   39 2026-01-11 SAC   HOU W, 111-98 Suspended 
 31   39 2026-01-11 SAC   HOU W, 111-98 Suspended 
 31   39 2026-01-11 SAC   HOU W, 111-98 Suspended 
 31   39 2026-01-11 SAC   HOU W, 111-98 Suspended 
 31   39 2026-01-11 SAC   HOU W, 111-98 Suspended 
 31   39 2026-01-11 SAC   HOU W, 111-98 Suspended 
 31   39 2026-01-11 SAC   HOU W, 111-98 Suspended 
 31   39 2026-01-11 SAC   HOU W, 111-98 Suspended 
 31   39 2026-01-11 SAC   HOU W, 111-98 Suspended 
 31   39 2026-01-11 SAC   HOU W, 111-98 Suspended 
 31   39 2026-01-11 SAC   HOU W, 111-98 Suspended 
 31   39 2026-01-11 SAC   HOU W, 111-98 Suspended 
 31   40 2026-01-12 SAC   LAL W, 124-112 Suspended 
 31   40 2026-01-12 SAC   LAL W, 124-112 Suspended 
 31   40 2026-01-12 SAC   LAL W, 124-112 Suspended 
 31   40 2026-01-12 SAC   LAL W, 124-112 Suspended 
 31   40 2026-01-12 SAC   LAL W, 124-112 Suspended 
 31   40 2026-01-12 SAC   LAL W, 124-112 Suspended 
 31   40 2026-01-12 SAC   LAL W, 124-112 Suspended 
 31   40 2026-01-12 SAC   LAL W, 124-112 Suspended 
 31   40 2026-01-12 SAC   LAL W, 124-112 Suspended 
 31   40 2026-01-12 SAC   LAL W, 124-112 Suspended 
 31   40 2026-01-12 SAC   LAL W, 124-112 Suspended 
 31   40 2026-01-12 SAC   LAL W, 124-112 Suspended 
 31   40 2026-01-12 SAC   LAL W, 124-112 Suspended 
 31   40 2026-01-12 SAC   LAL W, 124-112 Suspended 
 31   40 2026-01-12 SAC   LAL W, 124-112 Suspended 
 31   40 2026-01-12 SAC   LAL W, 124-112 Suspended 
 31   41 2026-01-14 SAC   NYK W, 112-101 Suspended 
 31   41 2026-01-14 SAC   NYK W, 112-101 Suspended 
 31   41 2026-01-14 SAC   NYK W, 112-101 Suspended 
 31   41 2026-01-14 SAC   NYK W, 112-101 Suspended 
 31   41 2026-01-14 SAC   NYK W, 112-101 Suspended 
 31   41 2026-01-14 SAC   NYK W, 112-101 Suspended 
 31   41 2026-01-14 SAC   NYK W, 112-101 Suspended 
 31   41 2026-01-14 SAC   NYK W, 112-101 Suspended 
 31   41 2026-01-14 SAC   NYK W, 112-101 Suspended 
 31   41 2026-01-14 SAC   NYK W, 112-101 Suspended 
 31   41 2026-01-14 SAC   NYK W, 112-101 Suspended 
 31   41 2026-01-14 SAC   NYK W, 112-101 Suspended 
 31   41 2026-01-14 SAC   NYK W, 112-101 Suspended 
 31   41 2026-01-14 SAC   NYK W, 112-101 Suspended 
 31   41 2026-01-14 SAC   NYK W, 112-101 Suspended 
 31   41 2026-01-14 SAC   NYK W, 112-101 Suspended 
Dennis Schröder Complete
Keon Ellis Complete
James Harden Complete
Tristan Enaruna Complete
Max Strus Complete
Riley Minix Complete
Olivier Sarr Complete
Mikal Bridges Complete
Karl-Anthony Towns Complete
Jalen Brunson Complete
Jordan Clarkson Complete
Mohamed Diawara Complete
Josh Hart Complete
Tyler Kolek Complete
OG Anunoby Complete
Mitchell Robinson Complete
Taking a long break...
Ariel Hukporti Complete
Landry Shamet Complete
Miles McBride Complete
Pacôme Dadiet Complete
Kevin McCullar Complete
 32   35 2025-12-31 NOP @ CHI L, 118-134 Suspended 
 32   35 2025-12-31 NOP @ CHI L, 118-134 Suspended 
 32   35 2025-12-31 NOP @ CHI L, 118-134 Suspended 
 32   35 2025-12-31 NOP @ CHI L, 118-134 Suspended 
 32   35 2025-12-31 NOP @ CHI L, 118-134 Suspended 
 32   35 2025-12-31 NOP @ CHI L, 118-134 Suspended 
 32   35 2025-12-31 NOP @ CHI L, 118-134 Suspended 
 32   35 2025-12-31 NOP @ CHI L, 118-134 Suspended 
 32   35 2025-12-31 NOP @ CHI L, 118-134 Suspended 
 32   35 2025-12-31 NOP @ CHI L, 118-134 Suspended 
 32   35 2025-12-31 NOP @ CHI L, 118-134 Suspended 
 32   35 2025-12-31 NOP @ CHI L, 118-134 Suspended 
 32   35 2025-12-31 NOP @ CHI L, 118-134 Suspended 
 32   35 2025-12-31 NOP @ CHI L, 118-134 Suspended 
 32   35 2025-12-31 NOP @ CHI L, 118-134 Suspended 
 32   35 2025-12-31 NOP @ CHI L, 118-134 Suspended 
Jose Alvarado Complete
Trey Jemison Complete
Jeremy Sochan Complete
Dillon Jones Complete
Jake LaRavia Complete
Deandre Ayton Complete
Marcus Smart Complete
Jaxson Hayes Complete
Jarred Vanderbilt Complete
Luka Dončić Complete
Rui Hachimura Complete
Dalton Knecht Complete
LeBron James Complete
Austin Reaves Complete
Maxi Kleber Complete
Bronny James Complete
Taking a long break...
Nick Smith Complete
Drew Timme Complete
Adou Thiero Complete
Luke Kennard Complete
Kobe Bufkin Complete
Chris Mañon Complete
Javonte Green Complete
Duncan Robinson Complete
Ron Holland Complete
Ausar Thompson Complete
Cade Cunningham Complete
Daniss Jenkins Complete
 44   53 2026-02-11 DET @ TOR W, 113-95 Suspended 
 44   53 2026-02-11 DET @ TOR W, 113-95 Suspended 
 44   53 2026-02-11 DET @ TOR W, 113-95 Suspended 
 44   53 2026-02-11 DET @ TOR W, 113-95 Suspended 
 44   53 2026-02-11 DET @ TOR W, 113-95 Suspended 
 44   53 2026-02-11 DET @ TOR W, 113-95 Suspended 
 44   53 2026-02-11 DET @ TOR W, 113-95 Suspended 
 44   53 2026-02-11 DET @ TOR W, 113-95 Suspended 
 44   53 2026-02-11 DET @ TOR W, 113-95 Suspended 
 44   53 2026-02-11 DET @ TOR W, 113-95 Suspended 
 44   53 2026-02-11 DET @ TOR W, 113-95 Suspended 
 44   53 2026-02-11 DET @ TOR W, 113-95 Suspended 
 44   53 2026-02-11 DET @ TOR W, 113-95 Suspended 
 44   53 2026-02-11 DET @ TOR W, 113-95 Suspended 
 44   53 2026-02-11 DET @ TOR W, 113-95 Suspended 
 44   53 2026-02-11 DET @ TOR W, 113-95 Suspended 
 44   54 2026-02-19 DET @ NYK W, 126-111 Suspended 
 44   54 2026-02-19 DET @ NYK W, 126-111 Suspended 
 44   54 2026-02-19 DET @ NYK W, 126-111 Suspended 
 44   54 2026-02-19 DET @ NYK W, 126-111 Suspended 
 44   54 2026-02-19 DET @ NYK W, 126-111 Suspended 
 44   54 2026-02-19 DET @ NYK W, 126-111 Suspended 
 44   54 2026-02-19 DET @ NYK W, 126-111 Suspended 
 44   54 2026-02-19 DET @ NYK W, 126-111 Suspended 
 44   54 2026-02-19 DET @ NYK W, 126-111 Suspended 
 44   54 2026-02-19 DET @ NYK W, 126-111 Suspended 
 44   54 2026-02-19 DET @ NYK W, 126-111 Suspended 
 44   54 2026-02-19 DET @ NYK W, 126-111 Suspended 
 44   54 2026-02-19 DET @ NYK W, 126-111 Suspended 
 44   54 2026-02-19 DET @ NYK W, 126-111 Suspended 
 44   54 2026-02-19 DET @ NYK W, 126-111 Suspended 
 44   54 2026-02-19 DET @ NYK W, 126-111 Suspended 
Jalen Duren Complete
 48   53 2026-02-11 DET @ TOR W, 113-95 Suspended 
 48   53 2026-02-11 DET @ TOR W, 113-95 Suspended 
 48   53 2026-02-11 DET @ TOR W, 113-95 Suspended 
 48   53 2026-02-11 DET @ TOR W, 113-95 Suspended 
 48   53 2026-02-11 DET @ TOR W, 113-95 Suspended 
 48   53 2026-02-11 DET @ TOR W, 113-95 Suspended 
 48   53 2026-02-11 DET @ TOR W, 113-95 Suspended 
 48   53 2026-02-11 DET @ TOR W, 113-95 Suspended 
 48   53 2026-02-11 DET @ TOR W, 113-95 Suspended 
 48   53 2026-02-11 DET @ TOR W, 113-95 Suspended 
 48   53 2026-02-11 DET @ TOR W, 113-95 Suspended 
 48   53 2026-02-11 DET @ TOR W, 113-95 Suspended 
 48   53 2026-02-11 DET @ TOR W, 113-95 Suspended 
 48   53 2026-02-11 DET @ TOR W, 113-95 Suspended 
 48   53 2026-02-11 DET @ TOR W, 113-95 Suspended 
 48   53 2026-02-11 DET @ TOR W, 113-95 Suspended 
 48   54 2026-02-19 DET @ NYK W, 126-111 Suspended 
 48   54 2026-02-19 DET @ NYK W, 126-111 Suspended 
 48   54 2026-02-19 DET @ NYK W, 126-111 Suspended 
 48   54 2026-02-19 DET @ NYK W, 126-111 Suspended 
 48   54 2026-02-19 DET @ NYK W, 126-111 Suspended 
 48   54 2026-02-19 DET @ NYK W, 126-111 Suspended 
 48   54 2026-02-19 DET @ NYK W, 126-111 Suspended 
 48   54 2026-02-19 DET @ NYK W, 126-111 Suspended 
 48   54 2026-02-19 DET @ NYK W, 126-111 Suspended 
 48   54 2026-02-19 DET @ NYK W, 126-111 Suspended 
 48   54 2026-02-19 DET @ NYK W, 126-111 Suspended 
 48   54 2026-02-19 DET @ NYK W, 126-111 Suspended 
 48   54 2026-02-19 DET @ NYK W, 126-111 Suspended 
 48   54 2026-02-19 DET @ NYK W, 126-111 Suspended 
 48   54 2026-02-19 DET @ NYK W, 126-111 Suspended 
 48   54 2026-02-19 DET @ NYK W, 126-111 Suspended 
 48   56 2026-02-23 DET   SAS L, 103-114 Suspended 
 48   56 2026-02-23 DET   SAS L, 103-114 Suspended 
 48   56 2026-02-23 DET   SAS L, 103-114 Suspended 
 48   56 2026-02-23 DET   SAS L, 103-114 Suspended 
 48   56 2026-02-23 DET   SAS L, 103-114 Suspended 
 48   56 2026-02-23 DET   SAS L, 103-114 Suspended 
 48   56 2026-02-23 DET   SAS L, 103-114 Suspended 
 48   56 2026-02-23 DET   SAS L, 103-114 Suspended 
 48   56 2026-02-23 DET   SAS L, 103-114 Suspended 
 48   56 2026-02-23 DET   SAS L, 103-114 Suspended 
 48   56 2026-02-23 DET   SAS L, 103-114 Suspended 
 48   56 2026-02-23 DET   SAS L, 103-114 Suspended 
 48   56 2026-02-23 DET   SAS L, 103-114 Suspended 
 48   56 2026-02-23 DET   SAS L, 103-114 Suspended 
 48   56 2026-02-23 DET   SAS L, 103-114 Suspended 
 48   56 2026-02-23 DET   SAS L, 103-114 Suspended 
 48   57 2026-02-25 DET   OKC W, 124-116 Suspended 
 48   57 2026-02-25 DET   OKC W, 124-116 Suspended 
 48   57 2026-02-25 DET   OKC W, 124-116 Suspended 
 48   57 2026-02-25 DET   OKC W, 124-116 Suspended 
 48   57 2026-02-25 DET   OKC W, 124-116 Suspended 
 48   57 2026-02-25 DET   OKC W, 124-116 Suspended 
 48   57 2026-02-25 DET   OKC W, 124-116 Suspended 
 48   57 2026-02-25 DET   OKC W, 124-116 Suspended 
 48   57 2026-02-25 DET   OKC W, 124-116 Suspended 
 48   57 2026-02-25 DET   OKC W, 124-116 Suspended 
 48   57 2026-02-25 DET   OKC W, 124-116 Suspended 
 48   57 2026-02-25 DET   OKC W, 124-116 Suspended 
 48   57 2026-02-25 DET   OKC W, 124-116 Suspended 
 48   57 2026-02-25 DET   OKC W, 124-116 Suspended 
 48   57 2026-02-25 DET   OKC W, 124-116 Suspended 
 48   57 2026-02-25 DET   OKC W, 124-116 Suspended 
 48   58 2026-02-27 DET   CLE W, 122-119 (OT) Suspended 
 48   58 2026-02-27 DET   CLE W, 122-119 (OT) Suspended 
 48   58 2026-02-27 DET   CLE W, 122-119 (OT) Suspended 
 48   58 2026-02-27 DET   CLE W, 122-119 (OT) Suspended 
 48   58 2026-02-27 DET   CLE W, 122-119 (OT) Suspended 
 48   58 2026-02-27 DET   CLE W, 122-119 (OT) Suspended 
 48   58 2026-02-27 DET   CLE W, 122-119 (OT) Suspended 
 48   58 2026-02-27 DET   CLE W, 122-119 (OT) Suspended 
 48   58 2026-02-27 DET   CLE W, 122-119 (OT) Suspended 
 48   58 2026-02-27 DET   CLE W, 122-119 (OT) Suspended 
 48   58 2026-02-27 DET   CLE W, 122-119 (OT) Suspended 
 48   58 2026-02-27 DET   CLE W, 122-119 (OT) Suspended 
 48   58 2026-02-27 DET   CLE W, 122-119 (OT) Suspended 
 48   58 2026-02-27 DET   CLE W, 122-119 (OT) Suspended 
 48   58 2026-02-27 DET   CLE W, 122-119 (OT) Suspended 
 48   58 2026-02-27 DET   CLE W, 122-119 (OT) Suspended 
 48   59 2026-03-01 DET @ ORL W, 106-92 Suspended 
 48   59 2026-03-01 DET @ ORL W, 106-92 Suspended 
 48   59 2026-03-01 DET @ ORL W, 106-92 Suspended 
 48   59 2026-03-01 DET @ ORL W, 106-92 Suspended 
 48   59 2026-03-01 DET @ ORL W, 106-92 Suspended 
 48   59 2026-03-01 DET @ ORL W, 106-92 Suspended 
 48   59 2026-03-01 DET @ ORL W, 106-92 Suspended 
 48   59 2026-03-01 DET @ ORL W, 106-92 Suspended 
 48   59 2026-03-01 DET @ ORL W, 106-92 Suspended 
 48   59 2026-03-01 DET @ ORL W, 106-92 Suspended 
 48   59 2026-03-01 DET @ ORL W, 106-92 Suspended 
 48   59 2026-03-01 DET @ ORL W, 106-92 Suspended 
 48   59 2026-03-01 DET @ ORL W, 106-92 Suspended 
 48   59 2026-03-01 DET @ ORL W, 106-92 Suspended 
 48   59 2026-03-01 DET @ ORL W, 106-92 Suspended 
 48   59 2026-03-01 DET @ ORL W, 106-92 Suspended 
Isaiah Stewart Complete
Tobias Harris Complete
Paul Reed Complete
Caris LeVert Complete
Marcus Sasser Complete
Chaz Lanier Complete
Bobi Klintman Complete
Kevin Huerter Complete
Taking a long break...
Tolu Smith Complete
Wendell Moore Complete
Isaac Jones Complete
Dru Smith Complete
Kel'el Ware Complete
Jaime Jaquez Complete
Simone Fontecchio Complete
Bam Adebayo Complete
Andrew Wiggins Complete
Pelle Larsson Complete
Davion Mitchell Complete
Norman Powell Complete
Nikola Jović Complete
Kasparas Jakučionis Complete
Myron Gardner Complete
Keshad Johnson Complete
Tyler Herro Complete
Jahmir Young Complete
Vladislav Goldin Complete
Trevor Keels Complete
Terry Rozier Complete
Taking a long break...
Desmond Bane Complete
Anthony Black Complete
Wendell Carter Complete
Tristan Da Complete
Paolo Banchero Complete
Jonathan Isaac Complete
Goga Bitadze Complete
Jase Richardson Complete
Noah Penda Complete
Jett Howard Complete
Jalen Suggs Complete
Franz Wagner Complete
Moritz Wagner Complete
Jamal Cain Complete
Jevon Carter Complete
Colin Castleton Complete
Alex Morales Complete
Ryan Rollins Complete
Bobby Portis Complete
Myles Turner Complete
A.J. Green Complete
Taking a long break...
Kyle Kuzma Complete
Gary Trent Complete
Jericho Sims Complete
Gary Harris Complete
Kevin Porter Complete
Giannis Antetokounmpo Complete
Andre Jackson Complete
Pete Nance Complete
Thanasis Antetokounmpo Complete
Cam Thomas Complete
Ousmane Dieng Complete
Taurean Prince Complete
Alex Antetokounmpo Complete
Cormac Ryan Complete
Bub Carrington Complete
Justin Champagnie Complete
Will Riley Complete
Tre Johnson Complete
Kyshawn George Complete
Bilal Coulibaly Complete
Alex Sarr Complete
Taking a long break...
Tristan Vukcevic Complete
Anthony Gill Complete
Jamir Watkins Complete
Sharife Cooper Complete
Cam Whitmore Complete
Jaden Hardy Complete
Julian Reese Complete
Trae Young Complete
D'Angelo Russell Complete
Anthony Davis Complete
Jeremiah Fears Complete
Derik Queen Complete
Saddiq Bey Complete
Trey Murphy Complete
Yves Missi Complete
Karlo Matković Complete
Micah Peavy Complete
Zion Williamson Complete
Herbert Jones Complete
Bryce McGowens Complete
Jordan Hawkins Complete
Taking a long break...
Jordan Poole Complete
Kevon Looney Complete
DeAndre Jordan Complete
Dejounte Murray Complete
Trey Alexander Complete
Hunter Dickinson Complete
Josh Oduro Complete
Sion James Complete
Kon Knueppel Complete
Miles Bridges Complete
Moussa Diabaté Complete
LaMelo Ball Complete
Ryan Kalkbrenner Complete
Brandon Miller Complete
Tre Mann Complete
Josh Green Complete
Tidjane Salaün Complete
Pat Connaughton Complete
Liam McNeeley Complete
Grant Williams Complete
PJ Hall Complete
Taking a long break...
Antonio Reeves Complete
Xavier Tillman Complete
Coby White Complete
Tosan Evbuomwan Complete
Royce O'Neale Complete
Oso Ighodaro Complete
Collin Gillespie Complete
Ryan Dunn Complete
Mark Williams Complete
Jordan Goodwin Complete
Dillon Brooks Complete
Devin Booker Complete
Grayson Allen Complete
Rasheer Fleming Complete
Jamaree Bouyea Complete
Isaiah Livers Complete
Khaman Maluach Complete
Jalen Green Complete
Amir Coffey Complete
Koby Brea Complete
Haywood Highsmith Complete
Taking a long break...
CJ Huntley Complete
Jay Huff Complete
Jarace Walker Complete
Pascal Siakam Complete
Ben Sheppard Complete
Andrew Nembhard Complete
T.J. McConnell Complete
Aaron Nesmith Complete
Johnny Furphy Complete
Quenton Jackson Complete
Micah Potter Complete
Taelon Peter Complete
Kam Jones Complete
Ethan Thompson Complete
Kobe Brown Complete
Obi Toppin Complete
Ivica Zubac Complete
Tyrese Haliburton Complete
Jalen Slawson Complete
Toumani Camara Complete
Donovan Clingan Complete
Taking a long break...
Sidy Cissoko Complete
Deni Avdija Complete
Jerami Grant Complete
Shaedon Sharpe Complete
Caleb Love Complete
Robert Williams Complete
Kris Murray Complete
Yang Hansen Complete
Jrue Holiday Complete
Blake Wesley Complete
Vít Krejčí Complete
Scoot Henderson Complete
Matisse Thybulle Complete
Damian Lillard Complete
Jayson Kent has no games found
Chris Youngblood Complete
Matas Buzelis Complete
Patrick Williams Complete
Isaac Okoro Complete
Tre Jones Complete
Jalen Smith Complete
Josh Giddey Complete
Taking a long break...
Lachlan Olbrich Complete
Guerschon Yabusele Complete
Collin Sexton Complete
Nick Richards Complete
Rob Dillingham Complete
Zach Collins Complete
Leonard Miller Complete
Yuki Kawamura Complete
Anfernee Simons Complete
Jaden Ivey Complete
Noa Essengue Complete
Mac McClung Complete
DeMar DeRozan Complete
Nique Clifford Complete
Russell Westbrook Complete
Maxime Raynaud Complete
Precious Achiuwa Complete
Malik Monk Complete
Drew Eubanks Complete
Zach LaVine Complete
Dylan Cardwell Complete
Taking a long break...
Devin Carter Complete
Keegan Murray Complete
Domantas Sabonis Complete
Daeqwon Plowden Complete
Doug McDermott Complete
Killian Hayes Complete
Patrick Baldwin Complete
Isaiah Stevens Complete
De'Andre Hunter Complete
Reed Sheppard Complete
Amen Thompson Complete
Kevin Durant Complete
Josh Okogie Complete
Jabari Smith Complete
Clint Capela Complete
Alperen Şengün Complete
Tari Eason Complete
Aaron Holiday Complete
Jae'Sean Tate Complete
Steven Adams Complete
Dorian Finney-Smith Complete
Taking a long break...
JD Davison Complete
Jeff Green Complete
Isaiah Crawford Complete
Fred VanVleet Complete
Tristen Newton Complete
Keldon Johnson Complete
Julian Champagnie Complete
Harrison Barnes Complete
De'Aaron Fox Complete
Stephon Castle Complete
Luke Kornet Complete
Dylan Harper Complete
Carter Bryant Complete
Devin Vassell Complete
Victor Wembanyama Complete
Kelly Olynyk Complete
Lindy Waters Complete
Jordan McLaughlin Complete
Bismack Biyombo Complete
David Jones Complete
Harrison Ingram Complete
Taking a long break...
Emanuel Miller Complete
Mason Plumlee Complete
Naji Marshall Complete
Max Christie Complete
Klay Thompson Complete
Brandon Williams Complete
Caleb Martin Complete
Cooper Flagg Complete
Dwight Powell Complete
P.J. Washington Complete
Daniel Gafford Complete
Ryan Nembhard Complete
Moussa Cisse Complete
Khris Middleton Complete
AJ Johnson Complete
Marvin Bagley Complete
Dereck Lively Complete
John Poulakidas Complete
Kyrie Irving Complete
Tyler Smith Complete
Jamal Shead Complete
Taking a long break...
Brandon Ingram Complete
Scottie Barnes Complete
Sandro Mamukelashvili Complete
Gradey Dick Complete
Immanuel Quickley Complete
Ja'Kobe Walter Complete
Collin Murray-Boyles Complete
Jamison Battle Complete
RJ Barrett Complete
Jakob Poeltl Complete
Jonathan Mogbo Complete
Garrett Temple Complete
A.J. Lawson Complete
Alijah Martin Complete
Trayce Jackson-Davis Complete
Chucky Hepburn Complete
Player statistics have been updated for 2026-03-08
