=== NBA Daily Run: Mon Apr  6 09:00:05 MDT 2026 ===
6
Yesterday was: 2026-04-05
https://www.basketball-reference.com/boxscores/?month=4&day=5&year=2026
Daily teams were received and saved.
Player reference was updated.
Beginning player scraping...
Player statistics have been updated for 2026-04-05
[master 9746193] Daily stats update: 2026-04-06
 2 files changed, 1 insertion(+), 114 deletions(-)
To https://github.com/Evan-Johnson/NBA_Statistics.git
   3bb2fd9..9746193  master -> master
Done.
=== NBA Daily Run: Mon Apr  6 14:37:54 MDT 2026 ===
6
Yesterday was: 2026-04-05
https://www.basketball-reference.com/boxscores/?month=4&day=5&year=2026
Daily teams were received and saved.
TOR
BOS
WAS
BRK
PHO
CHI
IND
CLE
LAL
DAL
HOU
GSW
MEM
MIL
CHO
MIN
ORL
NOP
UTA
OKC
LAC
SAC
Player reference was updated.
Beginning player scraping...
Jamal Shead Complete
Scottie Barnes Complete
Sandro Mamukelashvili Complete
Brandon Ingram Complete
Gradey Dick Complete
Ja'Kobe Walter Complete
Immanuel Quickley Complete
Jamison Battle Complete
RJ Barrett Complete
Collin Murray-Boyles Complete
Jakob Poeltl Complete
Jonathan Mogbo Complete
Alijah Martin Complete
Garrett Temple Complete
A.J. Lawson Complete
Trayce Jackson-Davis Complete
Chucky Hepburn Complete
Payton Pritchard Complete
Sam Hauser Complete
Derrick White Complete
Neemias Queta Complete
Taking a long break...
Baylor Scheierman Complete
Hugo González Complete
Jaylen Brown Complete
Luka Garza Complete
Jordan Walsh Complete
Ron Harper has no games found
Amari Williams Complete
Jayson Tatum Complete
Nikola Vučević Complete
Max Shulga Complete
John Tonje Complete
Bub Carrington Complete
Will Riley Complete
Justin Champagnie Complete
Tre Johnson Complete
Bilal Coulibaly Complete
Anthony Gill Complete
Tristan Vukcevic Complete
Alex Sarr Complete
Kyshawn George Complete
Jamir Watkins Complete
Sharife Cooper Complete
Taking a long break...
Jaden Hardy Complete
Cam Whitmore Complete
Leaky Black Complete
Julian Reese Complete
Trae Young Complete
D'Angelo Russell Complete
Anthony Davis Complete
Nic Claxton Complete
Noah Clowney Complete
Terance Mann Complete
Day'Ron Sharpe Complete
Drake Powell Complete
Danny Wolf Complete
Ziaire Williams Complete
Nolan Traoré Complete
Michael Porter Complete
Egor Dёmin Complete
Jalen Wilson Complete
Ben Saraf Complete
E.J. Liddell Complete
Ochai Agbaji Complete
Taking a long break...
Tyson Etienne Complete
Josh Minott Complete
Chaney Johnson Complete
Malachi Smith Complete
Tre Scott Complete
Oso Ighodaro Complete
Collin Gillespie Complete
Royce O'Neale Complete
Jordan Goodwin Complete
Ryan Dunn Complete
Devin Booker Complete
Mark Williams Complete
Dillon Brooks Complete
Rasheer Fleming Complete
Grayson Allen Complete
Jamaree Bouyea Complete
Khaman Maluach Complete
Isaiah Livers Complete
Jalen Green Complete
Amir Coffey Complete
Koby Brea Complete
Taking a long break...
Haywood Highsmith Complete
CJ Huntley Complete
Matas Buzelis Complete
Patrick Williams Complete
Isaac Okoro Complete
Tre Jones Complete
Josh Giddey Complete
Jalen Smith Complete
Lachlan Olbrich Complete
Rob Dillingham Complete
Guerschon Yabusele Complete
Leonard Miller Complete
Collin Sexton Complete
Nick Richards Complete
Yuki Kawamura Complete
Zach Collins Complete
Anfernee Simons Complete
Mac McClung Complete
Noa Essengue Complete
Jay Huff Complete
Jarace Walker Complete
Taking a long break...
Ben Sheppard Complete
Pascal Siakam Complete
Andrew Nembhard Complete
T.J. McConnell Complete
Aaron Nesmith Complete
Quenton Jackson Complete
Micah Potter Complete
Johnny Furphy Complete
Taelon Peter Complete
Kam Jones Complete
Ethan Thompson Complete
Kobe Brown Complete
Obi Toppin Complete
Jalen Slawson Complete
Ivica Zubac Complete
Tyrese Haliburton Complete
Donovan Mitchell Complete
Jaylon Tyson Complete
Evan Mobley Complete
Nae'Qwan Tomlin Complete
Craig Porter Complete
Taking a long break...
Thomas Bryant Complete
Dean Wade Complete
Jarrett Allen Complete
Sam Merrill Complete
Tyrese Proctor Complete
Larry Nance Complete
 31   39 2026-01-11 SAC   HOU W, 111-98 Suspended 
 31   39 2026-01-11 SAC   HOU W, 111-98 Suspended 
 31   39 2026-01-11 SAC   HOU W, 111-98 Suspended 
 31   39 2026-01-11 SAC   HOU W, 111-98 Suspended 
 31   39 2026-01-11 SAC   HOU W, 111-98 Suspended 
 31   39 2026-01-11 SAC   HOU W, 111-98 Suspended 
 31   39 2026-01-11 SAC   HOU W, 111-98 Suspended 
 31   39 2026-01-11 SAC   HOU W, 111-98 Suspended 
 31   39 2026-01-11 SAC   HOU W, 111-98 Suspended 
 31   39 2026-01-11 SAC   HOU W, 111-98 Suspended 
 31   39 2026-01-11 SAC   HOU W, 111-98 Suspended 
 31   39 2026-01-11 SAC   HOU W, 111-98 Suspended 
 31   39 2026-01-11 SAC   HOU W, 111-98 Suspended 
 31   39 2026-01-11 SAC   HOU W, 111-98 Suspended 
 31   39 2026-01-11 SAC   HOU W, 111-98 Suspended 
 31   39 2026-01-11 SAC   HOU W, 111-98 Suspended 
 31   40 2026-01-12 SAC   LAL W, 124-112 Suspended 
 31   40 2026-01-12 SAC   LAL W, 124-112 Suspended 
 31   40 2026-01-12 SAC   LAL W, 124-112 Suspended 
 31   40 2026-01-12 SAC   LAL W, 124-112 Suspended 
 31   40 2026-01-12 SAC   LAL W, 124-112 Suspended 
 31   40 2026-01-12 SAC   LAL W, 124-112 Suspended 
 31   40 2026-01-12 SAC   LAL W, 124-112 Suspended 
 31   40 2026-01-12 SAC   LAL W, 124-112 Suspended 
 31   40 2026-01-12 SAC   LAL W, 124-112 Suspended 
 31   40 2026-01-12 SAC   LAL W, 124-112 Suspended 
 31   40 2026-01-12 SAC   LAL W, 124-112 Suspended 
 31   40 2026-01-12 SAC   LAL W, 124-112 Suspended 
 31   40 2026-01-12 SAC   LAL W, 124-112 Suspended 
 31   40 2026-01-12 SAC   LAL W, 124-112 Suspended 
 31   40 2026-01-12 SAC   LAL W, 124-112 Suspended 
 31   40 2026-01-12 SAC   LAL W, 124-112 Suspended 
 31   41 2026-01-14 SAC   NYK W, 112-101 Suspended 
 31   41 2026-01-14 SAC   NYK W, 112-101 Suspended 
 31   41 2026-01-14 SAC   NYK W, 112-101 Suspended 
 31   41 2026-01-14 SAC   NYK W, 112-101 Suspended 
 31   41 2026-01-14 SAC   NYK W, 112-101 Suspended 
 31   41 2026-01-14 SAC   NYK W, 112-101 Suspended 
 31   41 2026-01-14 SAC   NYK W, 112-101 Suspended 
 31   41 2026-01-14 SAC   NYK W, 112-101 Suspended 
 31   41 2026-01-14 SAC   NYK W, 112-101 Suspended 
 31   41 2026-01-14 SAC   NYK W, 112-101 Suspended 
 31   41 2026-01-14 SAC   NYK W, 112-101 Suspended 
 31   41 2026-01-14 SAC   NYK W, 112-101 Suspended 
 31   41 2026-01-14 SAC   NYK W, 112-101 Suspended 
 31   41 2026-01-14 SAC   NYK W, 112-101 Suspended 
 31   41 2026-01-14 SAC   NYK W, 112-101 Suspended 
 31   41 2026-01-14 SAC   NYK W, 112-101 Suspended 
Dennis Schröder Complete
Keon Ellis Complete
James Harden Complete
Max Strus Complete
Tristan Enaruna Complete
Riley Minix Complete
Olivier Sarr Complete
Jake LaRavia Complete
Deandre Ayton Complete
Jaxson Hayes Complete
Luka Dončić Complete
Rui Hachimura Complete
Jarred Vanderbilt Complete
Marcus Smart Complete
LeBron James Complete
Taking a long break...
Austin Reaves Complete
Dalton Knecht Complete
Maxi Kleber Complete
Bronny James Complete
Luke Kennard Complete
Nick Smith Complete
Drew Timme Complete
Adou Thiero Complete
Kobe Bufkin Complete
Chris Mañon Complete
Naji Marshall Complete
Max Christie Complete
Klay Thompson Complete
Cooper Flagg Complete
Brandon Williams Complete
Dwight Powell Complete
Caleb Martin Complete
P.J. Washington Complete
Ryan Nembhard Complete
Daniel Gafford Complete
Moussa Cisse Complete
Taking a long break...
Khris Middleton Complete
Marvin Bagley Complete
AJ Johnson Complete
John Poulakidas Complete
Tyler Smith Complete
Dereck Lively Complete
Kyrie Irving Complete
Reed Sheppard Complete
Amen Thompson Complete
Kevin Durant Complete
Jabari Smith Complete
Josh Okogie Complete
Clint Capela Complete
Alperen Şengün Complete
Tari Eason Complete
Aaron Holiday Complete
Jae'Sean Tate Complete
Dorian Finney-Smith Complete
Steven Adams Complete
Jeff Green Complete
JD Davison Complete
Taking a long break...
Isaiah Crawford Complete
Fred VanVleet Complete
Tristen Newton Complete
Brandin Podziemski Complete
Gary Payton Complete
Quinten Post Complete
Will Richard Complete
Gui Santos Complete
Draymond Green Complete
Pat Spencer Complete
Moses Moody Complete
De'Anthony Melton Complete
Al Horford Complete
Stephen Curry Complete
Jimmy Butler Complete
Malevy Leons Complete
LJ Cryer Complete
Kristaps Porziņģis Complete
Nate Williams Complete
Seth Curry Complete
Cam Spencer Complete
Taking a long break...
Jaylen Wells Complete
Cedric Coward Complete
GG Jackson Complete
Olivier-Maxence Prosper Complete
Kentavious Caldwell-Pope Complete
Santi Aldama Complete
Javon Small Complete
Jahmai Mashack Complete
Taylor Hendricks Complete
Walter Clayton Complete
Ja Morant Complete
Ty Jerome Complete
Rayan Rupert Complete
Zach Edey Complete
Scotty Pippen Complete
Taj Gibson Complete
Adama-Alpha Bal Complete
Lucas Williamson Complete
Dariq Whitehead Complete
Toby Okani Complete
Brandon Clarke Complete
Taking a long break...
A.J. Green Complete
Ryan Rollins Complete
Myles Turner Complete
Kyle Kuzma Complete
Bobby Portis Complete
Gary Trent Complete
Jericho Sims Complete
Gary Harris Complete
Pete Nance Complete
Andre Jackson Complete
Kevin Porter Complete
Giannis Antetokounmpo Complete
Thanasis Antetokounmpo Complete
Ousmane Dieng Complete
Taurean Prince Complete
Cormac Ryan Complete
Alex Antetokounmpo Complete
Sion James Complete
Kon Knueppel Complete
Miles Bridges Complete
Moussa Diabaté Complete
Taking a long break...
LaMelo Ball Complete
Ryan Kalkbrenner Complete
Brandon Miller Complete
Josh Green Complete
Tre Mann Complete
Pat Connaughton Complete
Tidjane Salaün Complete
Grant Williams Complete
Liam McNeeley Complete
Coby White Complete
Xavier Tillman Complete
PJ Hall Complete
Antonio Reeves Complete
Tosan Evbuomwan Complete
Julius Randle Complete
Donte DiVincenzo Complete
Naz Reid Complete
Rudy Gobert Complete
Jaden McDaniels Complete
Bones Hyland Complete
Jaylen Clark Complete
Taking a long break...
Anthony Edwards Complete
Mike Conley Complete
Terrence Shannon Complete
Joan Beringer Complete
Joe Ingles Complete
Ayo Dosunmu Complete
Kyle Anderson Complete
Julian Phillips Complete
Rocco Zikarsky Complete
Zyon Pullin Complete
Enrique Freeman Complete
Desmond Bane Complete
Wendell Carter Complete
Tristan Da Complete
Paolo Banchero Complete
Anthony Black Complete
Goga Bitadze Complete
Noah Penda Complete
Jett Howard Complete
Jalen Suggs Complete
Jonathan Isaac Complete
Taking a long break...
Jase Richardson Complete
Jamal Cain Complete
Moritz Wagner Complete
Franz Wagner Complete
Jevon Carter Complete
Colin Castleton Complete
Alex Morales Complete
Jeremiah Fears Complete
Derik Queen Complete
Saddiq Bey Complete
Trey Murphy Complete
Yves Missi Complete
Zion Williamson Complete
Karlo Matković Complete
Micah Peavy Complete
Herbert Jones Complete
Jordan Hawkins Complete
Bryce McGowens Complete
Jordan Poole Complete
Kevon Looney Complete
Dejounte Murray Complete
Taking a long break...
DeAndre Jordan Complete
Trey Alexander Complete
Hunter Dickinson Complete
Josh Oduro Complete
Kyle Filipowski Complete
Brice Sensabaugh Complete
Ace Bailey Complete
Cody Williams Complete
Isaiah Collier Complete
Keyonte George Complete
Svi Mykhailiuk Complete
Lauri Markkanen Complete
Jusuf Nurkić Complete
Kevin Love Complete
Elijah Harkless Complete
Oscar Tshiebwe Complete
John Konchar Complete
Bez Mbeng Complete
Blake Hinson Complete
Kennedy Chandler Complete
Walker Kessler Complete
Taking a long break...
Jaren Jackson Complete
Cason Wallace Complete
Isaiah Joe Complete
Chet Holmgren Complete
Shai Gilgeous-Alexander Complete
Luguentz Dort Complete
Jaylin Williams Complete
Aaron Wiggins Complete
Ajay Mitchell Complete
Alex Caruso Complete
Kenrich Williams Complete
Isaiah Hartenstein Complete
Branden Carlson Complete
Brooks Barnhizer Complete
Jalen Williams Complete
Jared McCain Complete
Nikola Topić Complete
Payton Sandfort Complete
Thomas Sorber Complete
Kris Dunn Complete
Brook Lopez Complete
Taking a long break...
Nicolas Batum Complete
John Collins Complete
Kobe Sanders Complete
Kawhi Leonard Complete
Jordan Miller Complete
Cam Christie Complete
Derrick Jones Complete
Yanic Konan Complete
Bennedict Mathurin Complete
Bogdan Bogdanović Complete
Isaiah Jackson Complete
Darius Garland Complete
TyTy Washington Complete
Bradley Beal Complete
Sean Pedulla Complete
Norchad Omier Complete
DeMar DeRozan Complete
Nique Clifford Complete
Maxime Raynaud Complete
Precious Achiuwa Complete
Russell Westbrook Complete
Taking a long break...
Malik Monk Complete
Drew Eubanks Complete
Dylan Cardwell Complete
Zach LaVine Complete
Devin Carter Complete
Daeqwon Plowden Complete
Doug McDermott Complete
Keegan Murray Complete
Killian Hayes Complete
Domantas Sabonis Complete
Patrick Baldwin Complete
Isaiah Stevens Complete
De'Andre Hunter Complete
Player statistics have been updated for 2026-04-05
[master 974ae15] Daily stats update: 2026-04-06
 235 files changed, 651 insertions(+), 1 deletion(-)
 create mode 100644 NBA_Statistics/2026_player_data/Dariq Whitehead.csv
 create mode 100644 NBA_Statistics/2026_player_data/Toby Okani.csv
To https://github.com/Evan-Johnson/NBA_Statistics.git
   9746193..974ae15  master -> master
Done.
