=== NBA Daily Run: Thu Mar  5 09:00:39 MST 2026 ===
5
Yesterday was: 2026-03-04
https://www.basketball-reference.com/boxscores/index.fcgi?month=3&day=4&year=2026
Daily teams were received and saved.
CHO
BOS
IND
LAC
POR
MEM
ATL
MIL
OKC
NYK
UTA
PHI
Player reference was updated.
Beginning player scraping...
Sion James Complete
Kon Knueppel Complete
Miles Bridges Complete
Moussa Diabaté Complete
LaMelo Ball Complete
Ryan Kalkbrenner Complete
Brandon Miller Complete
Tre Mann Complete
Josh Green Complete
Tidjane Salaün Complete
Pat Connaughton Complete
Liam McNeeley Complete
Grant Williams Complete
PJ Hall Complete
Antonio Reeves Complete
Xavier Tillman Complete
Coby White Complete
Tosan Evbuomwan Complete
Payton Pritchard Complete
Derrick White Complete
Sam Hauser Complete
Taking a long break...
Neemias Queta Complete
Baylor Scheierman Complete
Hugo González Complete
Jordan Walsh Complete
Jaylen Brown Complete
Luka Garza Complete
Ron Harper Complete
Amari Williams Complete
Nikola Vučević Complete
John Tonje Complete
Max Shulga Complete
Jayson Tatum Complete
Jay Huff Complete
Jarace Walker Complete
Pascal Siakam Complete
Ben Sheppard Complete
Andrew Nembhard Complete
T.J. McConnell Complete
Johnny Furphy Complete
Aaron Nesmith Complete
Quenton Jackson Complete
Taking a long break...
Micah Potter Complete
Taelon Peter Complete
Kam Jones Complete
Ethan Thompson Complete
Kobe Brown Complete
Obi Toppin Complete
Ivica Zubac Complete
Tyrese Haliburton Complete
Jalen Slawson Complete
Kris Dunn Complete
Nicolas Batum Complete
John Collins Complete
Brook Lopez Complete
Kobe Sanders Complete
Kawhi Leonard Complete
Cam Christie Complete
Yanic Konan Complete
Jordan Miller Complete
Derrick Jones Complete
Bogdan Bogdanović Complete
Bennedict Mathurin Complete
Taking a long break...
TyTy Washington Complete
Bradley Beal Complete
Isaiah Jackson Complete
Darius Garland Complete
Norchad Omier Complete
Sean Pedulla Complete
Toumani Camara Complete
Donovan Clingan Complete
Sidy Cissoko Complete
Deni Avdija Complete
Shaedon Sharpe Complete
Jerami Grant Complete
Caleb Love Complete
Robert Williams Complete
Kris Murray Complete
Yang Hansen Complete
Jrue Holiday Complete
Blake Wesley Complete
Vít Krejčí Complete
Scoot Henderson Complete
Matisse Thybulle Complete
Taking a long break...
Damian Lillard Complete
Jayson Kent has no games found
Chris Youngblood Complete
Jaylen Wells Complete
Cam Spencer Complete
Kentavious Caldwell-Pope Complete
Cedric Coward Complete
Santi Aldama Complete
GG Jackson Complete
Olivier-Maxence Prosper Complete
Javon Small Complete
Ja Morant Complete
Jahmai Mashack Complete
Zach Edey Complete
Taylor Hendricks Complete
Ty Jerome Complete
Scotty Pippen Complete
Walter Clayton Complete
Brandon Clarke Complete
Taj Gibson Complete
Nickeil Alexander-Walker Complete
Dyson Daniels Complete
Taking a long break...
Mouhamed Gueye Complete
Onyeka Okongwu Complete
Jalen Johnson Complete
Zaccharie Risacher Complete
Keaton Wallace Complete
Asa Newell Complete
CJ McCollum Complete
Corey Kispert Complete
Caleb Houstan Complete
Jock Landale Complete
Christian Koloko Complete
Gabe Vincent Complete
Jonathan Kuminga Complete
Buddy Hield Complete
RayJ Dennis Complete
Ryan Rollins Complete
Bobby Portis Complete
Kyle Kuzma Complete
Myles Turner Complete
A.J. Green Complete
Gary Trent Complete
Taking a long break...
Jericho Sims Complete
Gary Harris Complete
Kevin Porter Complete
Giannis Antetokounmpo Complete
Andre Jackson Complete
Pete Nance Complete
Thanasis Antetokounmpo Complete
Cam Thomas Complete
Ousmane Dieng Complete
Taurean Prince Complete
Alex Antetokounmpo Complete
Cormac Ryan Complete
Cason Wallace Complete
Chet Holmgren Complete
Isaiah Joe Complete
Luguentz Dort Complete
Shai Gilgeous-Alexander Complete
Aaron Wiggins Complete
Jaylin Williams Complete
Ajay Mitchell Complete
Kenrich Williams Complete
Taking a long break...
Alex Caruso Complete
Isaiah Hartenstein Complete
Branden Carlson Complete
Brooks Barnhizer Complete
Jalen Williams Complete
Jared McCain Complete
Nikola Topić Complete
Thomas Sorber Complete
Payton Sandfort Complete
Mikal Bridges Complete
Karl-Anthony Towns Complete
Jalen Brunson Complete
Jordan Clarkson Complete
Tyler Kolek Complete
Mohamed Diawara Complete
Josh Hart Complete
OG Anunoby Complete
Mitchell Robinson Complete
Ariel Hukporti Complete
Landry Shamet Complete
Miles McBride Complete
Taking a long break...
Pacôme Dadiet Complete
Kevin McCullar Complete
 32   35 2025-12-31 NOP @ CHI L, 118-134 Suspended 
 32   35 2025-12-31 NOP @ CHI L, 118-134 Suspended 
 32   35 2025-12-31 NOP @ CHI L, 118-134 Suspended 
 32   35 2025-12-31 NOP @ CHI L, 118-134 Suspended 
 32   35 2025-12-31 NOP @ CHI L, 118-134 Suspended 
 32   35 2025-12-31 NOP @ CHI L, 118-134 Suspended 
 32   35 2025-12-31 NOP @ CHI L, 118-134 Suspended 
 32   35 2025-12-31 NOP @ CHI L, 118-134 Suspended 
 32   35 2025-12-31 NOP @ CHI L, 118-134 Suspended 
 32   35 2025-12-31 NOP @ CHI L, 118-134 Suspended 
 32   35 2025-12-31 NOP @ CHI L, 118-134 Suspended 
 32   35 2025-12-31 NOP @ CHI L, 118-134 Suspended 
 32   35 2025-12-31 NOP @ CHI L, 118-134 Suspended 
 32   35 2025-12-31 NOP @ CHI L, 118-134 Suspended 
 32   35 2025-12-31 NOP @ CHI L, 118-134 Suspended 
 32   35 2025-12-31 NOP @ CHI L, 118-134 Suspended 
Jose Alvarado Complete
Trey Jemison Complete
Jeremy Sochan Complete
Dillon Jones Complete
Kyle Filipowski Complete
Brice Sensabaugh Complete
Ace Bailey Complete
Isaiah Collier Complete
Keyonte George Complete
Svi Mykhailiuk Complete
Cody Williams Complete
Lauri Markkanen Complete
Jusuf Nurkić Complete
Kevin Love Complete
Elijah Harkless Complete
John Konchar Complete
Oscar Tshiebwe Complete
Vince Williams Complete
Walker Kessler Complete
Taking a long break...
Blake Hinson Complete
Jaren Jackson Complete
Mo Bamba Complete
Tyrese Maxey Complete
VJ Edgecombe Complete
Quentin Grimes Complete
Adem Bona Complete
Jabari Walker Complete
Dominick Barlow Complete
Andre Drummond Complete
Justin Edwards Complete
Trendon Watford Complete
Kelly Oubre Complete
Joel Embiid Complete
Paul George Complete
Johni Broome Complete
Cameron Payne Complete
Kyle Lowry Complete
Tyrese Martin Complete
Dalen Terry Complete
MarJon Beauchamp Complete
Taking a long break...
Player statistics have been updated for 2026-03-04
[master b1cd8da] Daily stats update: 2026-03-05
 175 files changed, 4895 insertions(+), 324 deletions(-)
 create mode 100644 NBA_Statistics/2026_player_data/A.J. Green.csv
 create mode 100644 NBA_Statistics/2026_player_data/Aaron Nesmith.csv
 create mode 100644 NBA_Statistics/2026_player_data/Ace Bailey.csv
 create mode 100644 NBA_Statistics/2026_player_data/Alex Antetokounmpo.csv
 create mode 100644 NBA_Statistics/2026_player_data/Amari Williams.csv
 create mode 100644 NBA_Statistics/2026_player_data/Andre Jackson.csv
 create mode 100644 NBA_Statistics/2026_player_data/Andrew Nembhard.csv
 create mode 100644 NBA_Statistics/2026_player_data/Asa Newell.csv
 create mode 100644 NBA_Statistics/2026_player_data/Baylor Scheierman.csv
 create mode 100644 NBA_Statistics/2026_player_data/Ben Sheppard.csv
 create mode 100644 NBA_Statistics/2026_player_data/Bennedict Mathurin.csv
 create mode 100644 NBA_Statistics/2026_player_data/Blake Hinson.csv
 create mode 100644 NBA_Statistics/2026_player_data/Blake Wesley.csv
 create mode 100644 NBA_Statistics/2026_player_data/Bobby Portis.csv
 create mode 100644 "NBA_Statistics/2026_player_data/Bogdan Bogdanovi\304\207.csv"
 create mode 100644 NBA_Statistics/2026_player_data/Bradley Beal.csv
 create mode 100644 NBA_Statistics/2026_player_data/Brice Sensabaugh.csv
 create mode 100644 NBA_Statistics/2026_player_data/Brook Lopez.csv
 create mode 100644 NBA_Statistics/2026_player_data/Buddy Hield.csv
 create mode 100644 NBA_Statistics/2026_player_data/CJ McCollum.csv
 create mode 100644 NBA_Statistics/2026_player_data/Caleb Houstan.csv
 create mode 100644 NBA_Statistics/2026_player_data/Caleb Love.csv
 create mode 100644 NBA_Statistics/2026_player_data/Cam Christie.csv
 create mode 100644 NBA_Statistics/2026_player_data/Cam Thomas.csv
 create mode 100644 NBA_Statistics/2026_player_data/Chris Youngblood.csv
 create mode 100644 NBA_Statistics/2026_player_data/Christian Koloko.csv
 create mode 100644 NBA_Statistics/2026_player_data/Cody Williams.csv
 create mode 100644 NBA_Statistics/2026_player_data/Corey Kispert.csv
 create mode 100644 NBA_Statistics/2026_player_data/Cormac Ryan.csv
 create mode 100644 NBA_Statistics/2026_player_data/Damian Lillard.csv
 create mode 100644 NBA_Statistics/2026_player_data/Darius Garland.csv
 create mode 100644 NBA_Statistics/2026_player_data/Deni Avdija.csv
 create mode 100644 NBA_Statistics/2026_player_data/Derrick Jones.csv
 create mode 100644 NBA_Statistics/2026_player_data/Derrick White.csv
 create mode 100644 NBA_Statistics/2026_player_data/Donovan Clingan.csv
 create mode 100644 NBA_Statistics/2026_player_data/Dyson Daniels.csv
 create mode 100644 NBA_Statistics/2026_player_data/Elijah Harkless.csv
 create mode 100644 NBA_Statistics/2026_player_data/Ethan Thompson.csv
 create mode 100644 NBA_Statistics/2026_player_data/Gabe Vincent.csv
 create mode 100644 NBA_Statistics/2026_player_data/Gary Harris.csv
 create mode 100644 NBA_Statistics/2026_player_data/Gary Trent.csv
 create mode 100644 NBA_Statistics/2026_player_data/Giannis Antetokounmpo.csv
 create mode 100644 "NBA_Statistics/2026_player_data/Hugo Gonz\303\241lez.csv"
 create mode 100644 NBA_Statistics/2026_player_data/Isaiah Collier.csv
 create mode 100644 NBA_Statistics/2026_player_data/Isaiah Jackson.csv
 create mode 100644 NBA_Statistics/2026_player_data/Ivica Zubac.csv
 create mode 100644 NBA_Statistics/2026_player_data/Jalen Johnson.csv
 create mode 100644 NBA_Statistics/2026_player_data/Jalen Slawson.csv
 create mode 100644 NBA_Statistics/2026_player_data/Jarace Walker.csv
 create mode 100644 NBA_Statistics/2026_player_data/Jaren Jackson.csv
 create mode 100644 NBA_Statistics/2026_player_data/Jay Huff.csv
 create mode 100644 NBA_Statistics/2026_player_data/Jaylen Brown.csv
 create mode 100644 NBA_Statistics/2026_player_data/Jayson Tatum.csv
 create mode 100644 NBA_Statistics/2026_player_data/Jerami Grant.csv
 create mode 100644 NBA_Statistics/2026_player_data/Jericho Sims.csv
 create mode 100644 NBA_Statistics/2026_player_data/Jock Landale.csv
 create mode 100644 NBA_Statistics/2026_player_data/John Collins.csv
 create mode 100644 NBA_Statistics/2026_player_data/John Konchar.csv
 create mode 100644 NBA_Statistics/2026_player_data/John Tonje.csv
 create mode 100644 NBA_Statistics/2026_player_data/Johnny Furphy.csv
 create mode 100644 NBA_Statistics/2026_player_data/Jonathan Kuminga.csv
 create mode 100644 NBA_Statistics/2026_player_data/Jordan Miller.csv
 create mode 100644 NBA_Statistics/2026_player_data/Jordan Walsh.csv
 create mode 100644 NBA_Statistics/2026_player_data/Jrue Holiday.csv
 create mode 100644 "NBA_Statistics/2026_player_data/Jusuf Nurki\304\207.csv"
 create mode 100644 NBA_Statistics/2026_player_data/Kam Jones.csv
 create mode 100644 NBA_Statistics/2026_player_data/Kawhi Leonard.csv
 create mode 100644 NBA_Statistics/2026_player_data/Keaton Wallace.csv
 create mode 100644 NBA_Statistics/2026_player_data/Kevin Love.csv
 create mode 100644 NBA_Statistics/2026_player_data/Kevin Porter.csv
 create mode 100644 NBA_Statistics/2026_player_data/Keyonte George.csv
 create mode 100644 NBA_Statistics/2026_player_data/Kobe Brown.csv
 create mode 100644 NBA_Statistics/2026_player_data/Kobe Sanders.csv
 create mode 100644 NBA_Statistics/2026_player_data/Kris Dunn.csv
 create mode 100644 NBA_Statistics/2026_player_data/Kris Murray.csv
 create mode 100644 NBA_Statistics/2026_player_data/Kyle Filipowski.csv
 create mode 100644 NBA_Statistics/2026_player_data/Kyle Kuzma.csv
 create mode 100644 NBA_Statistics/2026_player_data/Lauri Markkanen.csv
 create mode 100644 NBA_Statistics/2026_player_data/Luka Garza.csv
 create mode 100644 NBA_Statistics/2026_player_data/Matisse Thybulle.csv
 create mode 100644 NBA_Statistics/2026_player_data/Max Shulga.csv
 create mode 100644 NBA_Statistics/2026_player_data/Micah Potter.csv
 create mode 100644 NBA_Statistics/2026_player_data/Mo Bamba.csv
 create mode 100644 NBA_Statistics/2026_player_data/Mouhamed Gueye.csv
 create mode 100644 NBA_Statistics/2026_player_data/Myles Turner.csv
 create mode 100644 NBA_Statistics/2026_player_data/Neemias Queta.csv
 create mode 100644 NBA_Statistics/2026_player_data/Nickeil Alexander-Walker.csv
 create mode 100644 NBA_Statistics/2026_player_data/Nicolas Batum.csv
 create mode 100644 "NBA_Statistics/2026_player_data/Nikola Vu\304\215evi\304\207.csv"
 create mode 100644 NBA_Statistics/2026_player_data/Norchad Omier.csv
 create mode 100644 NBA_Statistics/2026_player_data/Obi Toppin.csv
 create mode 100644 NBA_Statistics/2026_player_data/Onyeka Okongwu.csv
 create mode 100644 NBA_Statistics/2026_player_data/Oscar Tshiebwe.csv
 create mode 100644 NBA_Statistics/2026_player_data/Ousmane Dieng.csv
 create mode 100644 NBA_Statistics/2026_player_data/Pascal Siakam.csv
 create mode 100644 NBA_Statistics/2026_player_data/Payton Pritchard.csv
 create mode 100644 NBA_Statistics/2026_player_data/Pete Nance.csv
 create mode 100644 NBA_Statistics/2026_player_data/Quenton Jackson.csv
 create mode 100644 NBA_Statistics/2026_player_data/RayJ Dennis.csv
 create mode 100644 NBA_Statistics/2026_player_data/Robert Williams.csv
 create mode 100644 NBA_Statistics/2026_player_data/Ron Harper.csv
 create mode 100644 NBA_Statistics/2026_player_data/Ryan Rollins.csv
 create mode 100644 NBA_Statistics/2026_player_data/Sam Hauser.csv
 create mode 100644 NBA_Statistics/2026_player_data/Scoot Henderson.csv
 create mode 100644 NBA_Statistics/2026_player_data/Sean Pedulla.csv
 create mode 100644 NBA_Statistics/2026_player_data/Shaedon Sharpe.csv
 create mode 100644 NBA_Statistics/2026_player_data/Sidy Cissoko.csv
 create mode 100644 NBA_Statistics/2026_player_data/Svi Mykhailiuk.csv
 create mode 100644 NBA_Statistics/2026_player_data/T.J. McConnell.csv
 create mode 100644 NBA_Statistics/2026_player_data/Taelon Peter.csv
 create mode 100644 NBA_Statistics/2026_player_data/Taurean Prince.csv
 create mode 100644 NBA_Statistics/2026_player_data/Thanasis Antetokounmpo.csv
 create mode 100644 NBA_Statistics/2026_player_data/Toumani Camara.csv
 create mode 100644 NBA_Statistics/2026_player_data/TyTy Washington.csv
 create mode 100644 NBA_Statistics/2026_player_data/Tyrese Haliburton.csv
 create mode 100644 NBA_Statistics/2026_player_data/Vince Williams.csv
 create mode 100644 "NBA_Statistics/2026_player_data/V\303\255t Krej\304\215\303\255.csv"
 create mode 100644 NBA_Statistics/2026_player_data/Walker Kessler.csv
 create mode 100644 NBA_Statistics/2026_player_data/Yang Hansen.csv
 create mode 100644 NBA_Statistics/2026_player_data/Yanic Konan.csv
 create mode 100644 NBA_Statistics/2026_player_data/Zaccharie Risacher.csv
To https://github.com/Evan-Johnson/NBA_Statistics.git
   807d7ae..b1cd8da  master -> master
Done.
